{"S:\\web design\\monta sessions\\goldtag\\src\\App.js": {"path":"S:\\web design\\monta sessions\\goldtag\\src\\App.js","statementMap":{"0":{"start":{"line":13,"column":2},"end":{"line":27,"column":4}}},"fnMap":{"0":{"name":"App","decl":{"start":{"line":12,"column":9},"end":{"line":12,"column":12}},"loc":{"start":{"line":12,"column":15},"end":{"line":28,"column":1}},"line":12}},"branchMap":{},"s":{"0":0},"f":{"0":0},"b":{}}
,"S:\\web design\\monta sessions\\goldtag\\src\\index.js": {"path":"S:\\web design\\monta sessions\\goldtag\\src\\index.js","statementMap":{"0":{"start":{"line":5,"column":0},"end":{"line":10,"column":2}}},"fnMap":{},"branchMap":{},"s":{"0":0},"f":{},"b":{}}
,"S:\\web design\\monta sessions\\goldtag\\src\\components\\MainComponents.jsx": {"path":"S:\\web design\\monta sessions\\goldtag\\src\\components\\MainComponents.jsx","statementMap":{"0":{"start":{"line":8,"column":4},"end":{"line":16,"column":6}}},"fnMap":{"0":{"name":"MainComponents","decl":{"start":{"line":7,"column":9},"end":{"line":7,"column":23}},"loc":{"start":{"line":7,"column":26},"end":{"line":17,"column":1}},"line":7}},"branchMap":{},"s":{"0":6},"f":{"0":6},"b":{},"_coverageSchema":"1a1c01bbd47fc00a2c39e90264f33305004495a9","hash":"04417718a1d9f225195fc93a43fd7a096885b15a"}
,"S:\\web design\\monta sessions\\goldtag\\src\\components\\advices\\advices.jsx": {"path":"S:\\web design\\monta sessions\\goldtag\\src\\components\\advices\\advices.jsx","statementMap":{"0":{"start":{"line":8,"column":4},"end":{"line":23,"column":5}}},"fnMap":{"0":{"name":"Advices","decl":{"start":{"line":7,"column":9},"end":{"line":7,"column":16}},"loc":{"start":{"line":7,"column":18},"end":{"line":24,"column":1}},"line":7}},"branchMap":{},"s":{"0":1},"f":{"0":1},"b":{},"_coverageSchema":"1a1c01bbd47fc00a2c39e90264f33305004495a9","hash":"ebe3b0635a2ee111711799bc671b281209d6c7b5"}
,"S:\\web design\\monta sessions\\goldtag\\src\\components\\advices\\texts\\advicesTexts.jsx": {"path":"S:\\web design\\monta sessions\\goldtag\\src\\components\\advices\\texts\\advicesTexts.jsx","statementMap":{"0":{"start":{"line":1,"column":20},"end":{"line":5,"column":1}}},"fnMap":{},"branchMap":{},"s":{"0":1},"f":{},"b":{},"_coverageSchema":"1a1c01bbd47fc00a2c39e90264f33305004495a9","hash":"8fd550bf3f737636844cb76dbfb2dba4f76641d5"}
,"S:\\web design\\monta sessions\\goldtag\\src\\components\\assets\\data\\Data.jsx": {"path":"S:\\web design\\monta sessions\\goldtag\\src\\components\\assets\\data\\Data.jsx","statementMap":{"0":{"start":{"line":1,"column":11},"end":{"line":767,"column":1}}},"fnMap":{},"branchMap":{},"s":{"0":3},"f":{},"b":{},"_coverageSchema":"1a1c01bbd47fc00a2c39e90264f33305004495a9","hash":"789caca7a896223a3fd42d46e65dcd42e5a869b4"}
,"S:\\web design\\monta sessions\\goldtag\\src\\components\\card\\card.jsx": {"path":"S:\\web design\\monta sessions\\goldtag\\src\\components\\card\\card.jsx","statementMap":{"0":{"start":{"line":12,"column":21},"end":{"line":12,"column":34}},"1":{"start":{"line":13,"column":4},"end":{"line":49,"column":6}},"2":{"start":{"line":39,"column":36},"end":{"line":39,"column":67}}},"fnMap":{"0":{"name":"Card","decl":{"start":{"line":11,"column":9},"end":{"line":11,"column":13}},"loc":{"start":{"line":11,"column":105},"end":{"line":50,"column":1}},"line":11},"1":{"name":"(anonymous_1)","decl":{"start":{"line":38,"column":62},"end":{"line":38,"column":63}},"loc":{"start":{"line":39,"column":36},"end":{"line":39,"column":67}},"line":39}},"branchMap":{"0":{"loc":{"start":{"line":16,"column":17},"end":{"line":18,"column":93}},"type":"cond-expr","locations":[{"start":{"line":17,"column":23},"end":{"line":17,"column":94}},{"start":{"line":18,"column":23},"end":{"line":18,"column":93}}],"line":16},"1":{"loc":{"start":{"line":25,"column":17},"end":{"line":25,"column":92}},"type":"cond-expr","locations":[{"start":{"line":25,"column":28},"end":{"line":25,"column":88}},{"start":{"line":25,"column":90},"end":{"line":25,"column":92}}],"line":25},"2":{"loc":{"start":{"line":31,"column":25},"end":{"line":31,"column":80}},"type":"cond-expr","locations":[{"start":{"line":31,"column":37},"end":{"line":31,"column":76}},{"start":{"line":31,"column":78},"end":{"line":31,"column":80}}],"line":31}},"s":{"0":2,"1":2,"2":0},"f":{"0":2,"1":0},"b":{"0":[0,2],"1":[0,2],"2":[2,0]},"_coverageSchema":"1a1c01bbd47fc00a2c39e90264f33305004495a9","hash":"f815a01bb7b970bc35050bc2d02d0ec61d7a6b72"}
,"S:\\web design\\monta sessions\\goldtag\\src\\components\\card\\texts\\cardTexts.jsx": {"path":"S:\\web design\\monta sessions\\goldtag\\src\\components\\card\\texts\\cardTexts.jsx","statementMap":{"0":{"start":{"line":1,"column":17},"end":{"line":4,"column":1}}},"fnMap":{},"branchMap":{},"s":{"0":0},"f":{},"b":{}}
,"S:\\web design\\monta sessions\\goldtag\\src\\components\\card\\texts\\texts.jsx": {"path":"S:\\web design\\monta sessions\\goldtag\\src\\components\\card\\texts\\texts.jsx","statementMap":{"0":{"start":{"line":1,"column":13},"end":{"line":4,"column":1}}},"fnMap":{},"branchMap":{},"s":{"0":0},"f":{},"b":{}}
,"S:\\web design\\monta sessions\\goldtag\\src\\components\\category\\category.jsx": {"path":"S:\\web design\\monta sessions\\goldtag\\src\\components\\category\\category.jsx","statementMap":{"0":{"start":{"line":10,"column":21},"end":{"line":10,"column":34}},"1":{"start":{"line":11,"column":4},"end":{"line":36,"column":5}},"2":{"start":{"line":17,"column":32},"end":{"line":20,"column":33}},"3":{"start":{"line":27,"column":28},"end":{"line":31,"column":29}}},"fnMap":{"0":{"name":"Category","decl":{"start":{"line":9,"column":9},"end":{"line":9,"column":17}},"loc":{"start":{"line":9,"column":20},"end":{"line":37,"column":1}},"line":9},"1":{"name":"(anonymous_1)","decl":{"start":{"line":16,"column":52},"end":{"line":16,"column":53}},"loc":{"start":{"line":16,"column":62},"end":{"line":21,"column":29}},"line":16},"2":{"name":"(anonymous_2)","decl":{"start":{"line":26,"column":48},"end":{"line":26,"column":49}},"loc":{"start":{"line":26,"column":58},"end":{"line":32,"column":25}},"line":26}},"branchMap":{"0":{"loc":{"start":{"line":13,"column":17},"end":{"line":34,"column":25}},"type":"cond-expr","locations":[{"start":{"line":13,"column":29},"end":{"line":24,"column":64}},{"start":{"line":24,"column":66},"end":{"line":34,"column":25}}],"line":13}},"s":{"0":1,"1":1,"2":5,"3":0},"f":{"0":1,"1":5,"2":0},"b":{"0":[1,0]},"_coverageSchema":"1a1c01bbd47fc00a2c39e90264f33305004495a9","hash":"a4da0d4201868f8352977c49b5e6845bfc23db98"}
,"S:\\web design\\monta sessions\\goldtag\\src\\components\\category\\data\\categoryData.jsx": {"path":"S:\\web design\\monta sessions\\goldtag\\src\\components\\category\\data\\categoryData.jsx","statementMap":{"0":{"start":{"line":1,"column":22},"end":{"line":10,"column":1}}},"fnMap":{},"branchMap":{},"s":{"0":2},"f":{},"b":{},"_coverageSchema":"1a1c01bbd47fc00a2c39e90264f33305004495a9","hash":"9ae20488d54090337b0b7cc4d009e19617e0519a"}
,"S:\\web design\\monta sessions\\goldtag\\src\\components\\category\\data\\data.jsx": {"path":"S:\\web design\\monta sessions\\goldtag\\src\\components\\category\\data\\data.jsx","statementMap":{"0":{"start":{"line":1,"column":14},"end":{"line":10,"column":1}}},"fnMap":{},"branchMap":{},"s":{"0":0},"f":{},"b":{}}
,"S:\\web design\\monta sessions\\goldtag\\src\\components\\detailpage\\Attributes\\Attributes.jsx": {"path":"S:\\web design\\monta sessions\\goldtag\\src\\components\\detailpage\\Attributes\\Attributes.jsx","statementMap":{"0":{"start":{"line":9,"column":21},"end":{"line":9,"column":34}},"1":{"start":{"line":10,"column":21},"end":{"line":10,"column":34}},"2":{"start":{"line":11,"column":4},"end":{"line":26,"column":5}},"3":{"start":{"line":18,"column":24},"end":{"line":20,"column":25}}},"fnMap":{"0":{"name":"Attributes","decl":{"start":{"line":8,"column":9},"end":{"line":8,"column":19}},"loc":{"start":{"line":8,"column":27},"end":{"line":27,"column":1}},"line":8},"1":{"name":"(anonymous_1)","decl":{"start":{"line":17,"column":35},"end":{"line":17,"column":36}},"loc":{"start":{"line":17,"column":43},"end":{"line":21,"column":21}},"line":17}},"branchMap":{"0":{"loc":{"start":{"line":14,"column":17},"end":{"line":14,"column":43}},"type":"cond-expr","locations":[{"start":{"line":14,"column":29},"end":{"line":14,"column":39}},{"start":{"line":14,"column":41},"end":{"line":14,"column":43}}],"line":14},"1":{"loc":{"start":{"line":24,"column":13},"end":{"line":24,"column":38}},"type":"cond-expr","locations":[{"start":{"line":24,"column":24},"end":{"line":24,"column":34}},{"start":{"line":24,"column":36},"end":{"line":24,"column":38}}],"line":24}},"s":{"0":1,"1":1,"2":1,"3":12},"f":{"0":1,"1":12},"b":{"0":[1,0],"1":[0,1]},"_coverageSchema":"1a1c01bbd47fc00a2c39e90264f33305004495a9","hash":"6e3075556da5ffe4575abc38d5505730d5c35d05"}
,"S:\\web design\\monta sessions\\goldtag\\src\\components\\detailpage\\Attributes\\texts\\propertyTexts.jsx": {"path":"S:\\web design\\monta sessions\\goldtag\\src\\components\\detailpage\\Attributes\\texts\\propertyTexts.jsx","statementMap":{"0":{"start":{"line":1,"column":22},"end":{"line":3,"column":1}}},"fnMap":{},"branchMap":{},"s":{"0":1},"f":{},"b":{},"_coverageSchema":"1a1c01bbd47fc00a2c39e90264f33305004495a9","hash":"d70e01dd8aa9b0f1f21c2cad212e085b243d3ff9"}
,"S:\\web design\\monta sessions\\goldtag\\src\\components\\detailpage\\allDetails\\detail.jsx": {"path":"S:\\web design\\monta sessions\\goldtag\\src\\components\\detailpage\\allDetails\\detail.jsx","statementMap":{"0":{"start":{"line":10,"column":15},"end":{"line":10,"column":19}},"1":{"start":{"line":11,"column":15},"end":{"line":11,"column":26}},"2":{"start":{"line":12,"column":4},"end":{"line":23,"column":5}}},"fnMap":{"0":{"name":"Detail","decl":{"start":{"line":9,"column":9},"end":{"line":9,"column":15}},"loc":{"start":{"line":9,"column":17},"end":{"line":24,"column":1}},"line":9}},"branchMap":{},"s":{"0":0,"1":0,"2":0},"f":{"0":0},"b":{}}
,"S:\\web design\\monta sessions\\goldtag\\src\\components\\detailpage\\comments\\Comment.jsx": {"path":"S:\\web design\\monta sessions\\goldtag\\src\\components\\detailpage\\comments\\Comment.jsx","statementMap":{"0":{"start":{"line":7,"column":21},"end":{"line":7,"column":34}},"1":{"start":{"line":8,"column":4},"end":{"line":31,"column":5}}},"fnMap":{"0":{"name":"Comment","decl":{"start":{"line":6,"column":9},"end":{"line":6,"column":16}},"loc":{"start":{"line":6,"column":82},"end":{"line":32,"column":1}},"line":6}},"branchMap":{"0":{"loc":{"start":{"line":22,"column":17},"end":{"line":25,"column":33}},"type":"cond-expr","locations":[{"start":{"line":22,"column":28},"end":{"line":25,"column":28}},{"start":{"line":25,"column":31},"end":{"line":25,"column":33}}],"line":22}},"s":{"0":1,"1":1},"f":{"0":1},"b":{"0":[0,1]},"_coverageSchema":"1a1c01bbd47fc00a2c39e90264f33305004495a9","hash":"6d9b5561ad1943f902b2c66f16e9a89d90de231a"}
,"S:\\web design\\monta sessions\\goldtag\\src\\components\\detailpage\\comments\\Comments.jsx": {"path":"S:\\web design\\monta sessions\\goldtag\\src\\components\\detailpage\\comments\\Comments.jsx","statementMap":{"0":{"start":{"line":7,"column":17},"end":{"line":7,"column":31}},"1":{"start":{"line":8,"column":4},"end":{"line":18,"column":6}},"2":{"start":{"line":11,"column":24},"end":{"line":15,"column":25}}},"fnMap":{"0":{"name":"Comments","decl":{"start":{"line":6,"column":9},"end":{"line":6,"column":17}},"loc":{"start":{"line":6,"column":26},"end":{"line":20,"column":1}},"line":6},"1":{"name":"(anonymous_1)","decl":{"start":{"line":10,"column":30},"end":{"line":10,"column":31}},"loc":{"start":{"line":10,"column":38},"end":{"line":16,"column":21}},"line":10}},"branchMap":{},"s":{"0":1,"1":1,"2":2},"f":{"0":1,"1":2},"b":{},"_coverageSchema":"1a1c01bbd47fc00a2c39e90264f33305004495a9","hash":"693c93d4d90ea579ffb8c0799b0b077faa3323b2"}
,"S:\\web design\\monta sessions\\goldtag\\src\\components\\detailpage\\comments\\CommentsContainer.jsx": {"path":"S:\\web design\\monta sessions\\goldtag\\src\\components\\detailpage\\comments\\CommentsContainer.jsx","statementMap":{"0":{"start":{"line":10,"column":21},"end":{"line":10,"column":34}},"1":{"start":{"line":12,"column":8},"end":{"line":14,"column":10}},"2":{"start":{"line":18,"column":8},"end":{"line":18,"column":26}},"3":{"start":{"line":19,"column":8},"end":{"line":19,"column":40}},"4":{"start":{"line":22,"column":8},"end":{"line":22,"column":39}},"5":{"start":{"line":23,"column":8},"end":{"line":23,"column":17}},"6":{"start":{"line":26,"column":8},"end":{"line":26,"column":37}},"7":{"start":{"line":27,"column":8},"end":{"line":27,"column":17}},"8":{"start":{"line":29,"column":16},"end":{"line":29,"column":56}},"9":{"start":{"line":29,"column":37},"end":{"line":29,"column":55}},"10":{"start":{"line":30,"column":4},"end":{"line":42,"column":5}}},"fnMap":{"0":{"name":"CommentsContainer","decl":{"start":{"line":9,"column":9},"end":{"line":9,"column":26}},"loc":{"start":{"line":9,"column":32},"end":{"line":43,"column":1}},"line":9},"1":{"name":"Dispatch","decl":{"start":{"line":11,"column":13},"end":{"line":11,"column":21}},"loc":{"start":{"line":11,"column":29},"end":{"line":15,"column":5}},"line":11},"2":{"name":"style","decl":{"start":{"line":17,"column":13},"end":{"line":17,"column":18}},"loc":{"start":{"line":17,"column":21},"end":{"line":20,"column":5}},"line":17},"3":{"name":"showComments","decl":{"start":{"line":21,"column":13},"end":{"line":21,"column":25}},"loc":{"start":{"line":21,"column":28},"end":{"line":24,"column":5}},"line":21},"4":{"name":"showRating","decl":{"start":{"line":25,"column":13},"end":{"line":25,"column":23}},"loc":{"start":{"line":25,"column":26},"end":{"line":28,"column":5}},"line":25},"5":{"name":"(anonymous_5)","decl":{"start":{"line":29,"column":28},"end":{"line":29,"column":29}},"loc":{"start":{"line":29,"column":37},"end":{"line":29,"column":55}},"line":29}},"branchMap":{"0":{"loc":{"start":{"line":32,"column":34},"end":{"line":32,"column":75}},"type":"cond-expr","locations":[{"start":{"line":32,"column":42},"end":{"line":32,"column":56}},{"start":{"line":32,"column":59},"end":{"line":32,"column":75}}],"line":32},"1":{"loc":{"start":{"line":35,"column":34},"end":{"line":35,"column":75}},"type":"cond-expr","locations":[{"start":{"line":35,"column":42},"end":{"line":35,"column":58}},{"start":{"line":35,"column":61},"end":{"line":35,"column":75}}],"line":35},"2":{"loc":{"start":{"line":39,"column":13},"end":{"line":39,"column":49}},"type":"cond-expr","locations":[{"start":{"line":39,"column":22},"end":{"line":39,"column":44}},{"start":{"line":39,"column":47},"end":{"line":39,"column":49}}],"line":39}},"s":{"0":0,"1":0,"2":0,"3":0,"4":0,"5":0,"6":0,"7":0,"8":0,"9":0,"10":0},"f":{"0":0,"1":0,"2":0,"3":0,"4":0,"5":0},"b":{"0":[0,0],"1":[0,0],"2":[0,0]},"_coverageSchema":"1a1c01bbd47fc00a2c39e90264f33305004495a9","hash":"e7ff171f572037d4d73c324a12af84a2addaf88f"}
,"S:\\web design\\monta sessions\\goldtag\\src\\components\\detailpage\\comments\\Rating.jsx": {"path":"S:\\web design\\monta sessions\\goldtag\\src\\components\\detailpage\\comments\\Rating.jsx","statementMap":{"0":{"start":{"line":4,"column":4},"end":{"line":11,"column":5}}},"fnMap":{"0":{"name":"Rating","decl":{"start":{"line":3,"column":9},"end":{"line":3,"column":15}},"loc":{"start":{"line":3,"column":17},"end":{"line":12,"column":1}},"line":3}},"branchMap":{},"s":{"0":1},"f":{"0":1},"b":{},"_coverageSchema":"1a1c01bbd47fc00a2c39e90264f33305004495a9","hash":"11925a6d457c0d8789cfeefa535c951445b5ee5b"}
,"S:\\web design\\monta sessions\\goldtag\\src\\components\\detailpage\\comments\\likes\\LikeAndDislike.jsx": {"path":"S:\\web design\\monta sessions\\goldtag\\src\\components\\detailpage\\comments\\likes\\LikeAndDislike.jsx","statementMap":{"0":{"start":{"line":9,"column":21},"end":{"line":9,"column":34}},"1":{"start":{"line":10,"column":16},"end":{"line":10,"column":57}},"2":{"start":{"line":10,"column":39},"end":{"line":10,"column":56}},"3":{"start":{"line":12,"column":19},"end":{"line":12,"column":69}},"4":{"start":{"line":12,"column":51},"end":{"line":12,"column":67}},"5":{"start":{"line":14,"column":8},"end":{"line":17,"column":10}},"6":{"start":{"line":20,"column":8},"end":{"line":20,"column":57}},"7":{"start":{"line":20,"column":39},"end":{"line":20,"column":55}},"8":{"start":{"line":21,"column":8},"end":{"line":25,"column":9}},"9":{"start":{"line":26,"column":8},"end":{"line":26,"column":39}},"10":{"start":{"line":28,"column":20},"end":{"line":36,"column":6}},"11":{"start":{"line":37,"column":4},"end":{"line":52,"column":5}},"12":{"start":{"line":41,"column":20},"end":{"line":48,"column":21}},"13":{"start":{"line":43,"column":28},"end":{"line":43,"column":49}}},"fnMap":{"0":{"name":"LikeAndDislike","decl":{"start":{"line":8,"column":9},"end":{"line":8,"column":23}},"loc":{"start":{"line":8,"column":36},"end":{"line":53,"column":1}},"line":8},"1":{"name":"(anonymous_1)","decl":{"start":{"line":10,"column":28},"end":{"line":10,"column":29}},"loc":{"start":{"line":10,"column":39},"end":{"line":10,"column":56}},"line":10},"2":{"name":"(anonymous_2)","decl":{"start":{"line":12,"column":39},"end":{"line":12,"column":40}},"loc":{"start":{"line":12,"column":51},"end":{"line":12,"column":67}},"line":12},"3":{"name":"Dispatch","decl":{"start":{"line":13,"column":13},"end":{"line":13,"column":21}},"loc":{"start":{"line":13,"column":42},"end":{"line":18,"column":5}},"line":13},"4":{"name":"add","decl":{"start":{"line":19,"column":13},"end":{"line":19,"column":16}},"loc":{"start":{"line":19,"column":29},"end":{"line":27,"column":5}},"line":19},"5":{"name":"(anonymous_5)","decl":{"start":{"line":20,"column":27},"end":{"line":20,"column":28}},"loc":{"start":{"line":20,"column":39},"end":{"line":20,"column":55}},"line":20},"6":{"name":"(anonymous_6)","decl":{"start":{"line":40,"column":28},"end":{"line":40,"column":29}},"loc":{"start":{"line":40,"column":42},"end":{"line":49,"column":17}},"line":40},"7":{"name":"(anonymous_7)","decl":{"start":{"line":42,"column":77},"end":{"line":42,"column":78}},"loc":{"start":{"line":42,"column":83},"end":{"line":44,"column":25}},"line":42}},"branchMap":{"0":{"loc":{"start":{"line":31,"column":14},"end":{"line":31,"column":32}},"type":"binary-expr","locations":[{"start":{"line":31,"column":14},"end":{"line":31,"column":18}},{"start":{"line":31,"column":23},"end":{"line":31,"column":32}}],"line":31},"1":{"loc":{"start":{"line":35,"column":14},"end":{"line":35,"column":35}},"type":"binary-expr","locations":[{"start":{"line":35,"column":14},"end":{"line":35,"column":18}},{"start":{"line":35,"column":23},"end":{"line":35,"column":35}}],"line":35}},"s":{"0":0,"1":0,"2":0,"3":0,"4":0,"5":0,"6":0,"7":0,"8":0,"9":0,"10":0,"11":0,"12":0,"13":0},"f":{"0":0,"1":0,"2":0,"3":0,"4":0,"5":0,"6":0,"7":0},"b":{"0":[0,0],"1":[0,0]},"_coverageSchema":"1a1c01bbd47fc00a2c39e90264f33305004495a9","hash":"111948e81835f6edfcd2d0aea45d5ce5a38dbcac"}
,"S:\\web design\\monta sessions\\goldtag\\src\\components\\detailpage\\comments\\texts\\commentTexts.jsx": {"path":"S:\\web design\\monta sessions\\goldtag\\src\\components\\detailpage\\comments\\texts\\commentTexts.jsx","statementMap":{"0":{"start":{"line":1,"column":21},"end":{"line":7,"column":1}}},"fnMap":{},"branchMap":{},"s":{"0":6},"f":{},"b":{},"_coverageSchema":"1a1c01bbd47fc00a2c39e90264f33305004495a9","hash":"d5fc5162aa7cb901e2c8f64fdf9324736c727c3e"}
,"S:\\web design\\monta sessions\\goldtag\\src\\components\\detailpage\\comments\\texts\\texts.jsx": {"path":"S:\\web design\\monta sessions\\goldtag\\src\\components\\detailpage\\comments\\texts\\texts.jsx","statementMap":{"0":{"start":{"line":1,"column":14},"end":{"line":7,"column":1}}},"fnMap":{},"branchMap":{},"s":{"0":0},"f":{},"b":{}}
,"S:\\web design\\monta sessions\\goldtag\\src\\components\\detailpage\\mainSection\\mainSection.jsx": {"path":"S:\\web design\\monta sessions\\goldtag\\src\\components\\detailpage\\mainSection\\mainSection.jsx","statementMap":{"0":{"start":{"line":10,"column":21},"end":{"line":10,"column":34}},"1":{"start":{"line":11,"column":4},"end":{"line":21,"column":5}}},"fnMap":{"0":{"name":"MainSection","decl":{"start":{"line":9,"column":9},"end":{"line":9,"column":20}},"loc":{"start":{"line":9,"column":26},"end":{"line":22,"column":1}},"line":9}},"branchMap":{"0":{"loc":{"start":{"line":15,"column":17},"end":{"line":19,"column":57}},"type":"cond-expr","locations":[{"start":{"line":15,"column":29},"end":{"line":19,"column":52}},{"start":{"line":19,"column":55},"end":{"line":19,"column":57}}],"line":15},"1":{"loc":{"start":{"line":17,"column":24},"end":{"line":17,"column":140}},"type":"cond-expr","locations":[{"start":{"line":17,"column":37},"end":{"line":17,"column":135}},{"start":{"line":17,"column":138},"end":{"line":17,"column":140}}],"line":17}},"s":{"0":1,"1":1},"f":{"0":1},"b":{"0":[1,0],"1":[1,0]},"_coverageSchema":"1a1c01bbd47fc00a2c39e90264f33305004495a9","hash":"f08e7fdaf930cc4add3a547e84070bd10d3e9baf"}
,"S:\\web design\\monta sessions\\goldtag\\src\\components\\detailpage\\mainSection\\address\\Address.jsx": {"path":"S:\\web design\\monta sessions\\goldtag\\src\\components\\detailpage\\mainSection\\address\\Address.jsx","statementMap":{"0":{"start":{"line":7,"column":21},"end":{"line":7,"column":34}},"1":{"start":{"line":8,"column":4},"end":{"line":17,"column":5}}},"fnMap":{"0":{"name":"Address","decl":{"start":{"line":6,"column":9},"end":{"line":6,"column":16}},"loc":{"start":{"line":6,"column":22},"end":{"line":18,"column":1}},"line":6}},"branchMap":{"0":{"loc":{"start":{"line":10,"column":13},"end":{"line":15,"column":37}},"type":"cond-expr","locations":[{"start":{"line":10,"column":24},"end":{"line":15,"column":32}},{"start":{"line":15,"column":35},"end":{"line":15,"column":37}}],"line":10}},"s":{"0":1,"1":1},"f":{"0":1},"b":{"0":[1,0]},"_coverageSchema":"1a1c01bbd47fc00a2c39e90264f33305004495a9","hash":"384f76fed9ea92c940433344b0b0ff18cd1c6c4c"}
,"S:\\web design\\monta sessions\\goldtag\\src\\components\\detailpage\\mainSection\\description\\MainDescription.jsx": {"path":"S:\\web design\\monta sessions\\goldtag\\src\\components\\detailpage\\mainSection\\description\\MainDescription.jsx","statementMap":{"0":{"start":{"line":7,"column":4},"end":{"line":13,"column":5}}},"fnMap":{"0":{"name":"MainDescription","decl":{"start":{"line":6,"column":9},"end":{"line":6,"column":24}},"loc":{"start":{"line":6,"column":30},"end":{"line":14,"column":1}},"line":6}},"branchMap":{},"s":{"0":0},"f":{"0":0},"b":{},"_coverageSchema":"1a1c01bbd47fc00a2c39e90264f33305004495a9","hash":"a100919372ad744079bf1cb01a80dbd9eb674853"}
,"S:\\web design\\monta sessions\\goldtag\\src\\components\\detailpage\\mainSection\\swiper\\Swiper.jsx": {"path":"S:\\web design\\monta sessions\\goldtag\\src\\components\\detailpage\\mainSection\\swiper\\Swiper.jsx","statementMap":{"0":{"start":{"line":7,"column":4},"end":{"line":7,"column":33}},"1":{"start":{"line":8,"column":4},"end":{"line":20,"column":5}},"2":{"start":{"line":12,"column":20},"end":{"line":16,"column":21}}},"fnMap":{"0":{"name":"MainSwiper","decl":{"start":{"line":6,"column":9},"end":{"line":6,"column":19}},"loc":{"start":{"line":6,"column":33},"end":{"line":21,"column":1}},"line":6},"1":{"name":"(anonymous_1)","decl":{"start":{"line":11,"column":31},"end":{"line":11,"column":32}},"loc":{"start":{"line":11,"column":39},"end":{"line":17,"column":17}},"line":11}},"branchMap":{},"s":{"0":0,"1":0,"2":0},"f":{"0":0,"1":0},"b":{},"_coverageSchema":"1a1c01bbd47fc00a2c39e90264f33305004495a9","hash":"98fd7f77d67ab8034170694077cb4457b5b94f88"}
,"S:\\web design\\monta sessions\\goldtag\\src\\components\\detailpage\\mainSection\\texts\\mainSectionTexts.jsx": {"path":"S:\\web design\\monta sessions\\goldtag\\src\\components\\detailpage\\mainSection\\texts\\mainSectionTexts.jsx","statementMap":{"0":{"start":{"line":1,"column":25},"end":{"line":3,"column":1}}},"fnMap":{},"branchMap":{},"s":{"0":1},"f":{},"b":{},"_coverageSchema":"1a1c01bbd47fc00a2c39e90264f33305004495a9","hash":"d6f97afae37da1ebe0e951aebdbb14c50029480c"}
,"S:\\web design\\monta sessions\\goldtag\\src\\components\\detailpage\\properties\\property.jsx": {"path":"S:\\web design\\monta sessions\\goldtag\\src\\components\\detailpage\\properties\\property.jsx","statementMap":{"0":{"start":{"line":8,"column":21},"end":{"line":8,"column":34}},"1":{"start":{"line":9,"column":21},"end":{"line":9,"column":34}},"2":{"start":{"line":11,"column":4},"end":{"line":26,"column":5}},"3":{"start":{"line":18,"column":24},"end":{"line":20,"column":25}}},"fnMap":{"0":{"name":"Property","decl":{"start":{"line":7,"column":9},"end":{"line":7,"column":17}},"loc":{"start":{"line":7,"column":25},"end":{"line":27,"column":1}},"line":7},"1":{"name":"(anonymous_1)","decl":{"start":{"line":17,"column":35},"end":{"line":17,"column":36}},"loc":{"start":{"line":17,"column":43},"end":{"line":21,"column":21}},"line":17}},"branchMap":{"0":{"loc":{"start":{"line":14,"column":17},"end":{"line":14,"column":44}},"type":"cond-expr","locations":[{"start":{"line":14,"column":29},"end":{"line":14,"column":39}},{"start":{"line":14,"column":42},"end":{"line":14,"column":44}}],"line":14},"1":{"loc":{"start":{"line":24,"column":13},"end":{"line":24,"column":39}},"type":"cond-expr","locations":[{"start":{"line":24,"column":24},"end":{"line":24,"column":34}},{"start":{"line":24,"column":37},"end":{"line":24,"column":39}}],"line":24}},"s":{"0":0,"1":0,"2":0,"3":0},"f":{"0":0,"1":0},"b":{"0":[0,0],"1":[0,0]}}
,"S:\\web design\\monta sessions\\goldtag\\src\\components\\detailpage\\properties\\texts\\propertyTexts.jsx": {"path":"S:\\web design\\monta sessions\\goldtag\\src\\components\\detailpage\\properties\\texts\\propertyTexts.jsx","statementMap":{"0":{"start":{"line":1,"column":22},"end":{"line":3,"column":1}}},"fnMap":{},"branchMap":{},"s":{"0":0},"f":{},"b":{}}
,"S:\\web design\\monta sessions\\goldtag\\src\\components\\detailpage\\properties\\texts\\texts.jsx": {"path":"S:\\web design\\monta sessions\\goldtag\\src\\components\\detailpage\\properties\\texts\\texts.jsx","statementMap":{"0":{"start":{"line":1,"column":14},"end":{"line":3,"column":1}}},"fnMap":{},"branchMap":{},"s":{"0":0},"f":{},"b":{}}
,"S:\\web design\\monta sessions\\goldtag\\src\\components\\detailpage\\sideSection\\sideSection.jsx": {"path":"S:\\web design\\monta sessions\\goldtag\\src\\components\\detailpage\\sideSection\\sideSection.jsx","statementMap":{"0":{"start":{"line":10,"column":4},"end":{"line":17,"column":5}}},"fnMap":{"0":{"name":"SideSection","decl":{"start":{"line":9,"column":9},"end":{"line":9,"column":20}},"loc":{"start":{"line":9,"column":61},"end":{"line":18,"column":1}},"line":9}},"branchMap":{},"s":{"0":0},"f":{"0":0},"b":{}}
,"S:\\web design\\monta sessions\\goldtag\\src\\components\\detailpage\\sideSection\\Data\\sideSectionData.jsx": {"path":"S:\\web design\\monta sessions\\goldtag\\src\\components\\detailpage\\sideSection\\Data\\sideSectionData.jsx","statementMap":{"0":{"start":{"line":1,"column":24},"end":{"line":51,"column":1}}},"fnMap":{},"branchMap":{},"s":{"0":0},"f":{},"b":{}}
,"S:\\web design\\monta sessions\\goldtag\\src\\components\\detailpage\\sideSection\\address\\address.jsx": {"path":"S:\\web design\\monta sessions\\goldtag\\src\\components\\detailpage\\sideSection\\address\\address.jsx","statementMap":{"0":{"start":{"line":8,"column":21},"end":{"line":8,"column":34}},"1":{"start":{"line":9,"column":4},"end":{"line":23,"column":5}}},"fnMap":{"0":{"name":"SideAddress","decl":{"start":{"line":7,"column":9},"end":{"line":7,"column":20}},"loc":{"start":{"line":7,"column":37},"end":{"line":24,"column":1}},"line":7}},"branchMap":{"0":{"loc":{"start":{"line":19,"column":17},"end":{"line":19,"column":67}},"type":"cond-expr","locations":[{"start":{"line":19,"column":28},"end":{"line":19,"column":62}},{"start":{"line":19,"column":65},"end":{"line":19,"column":67}}],"line":19}},"s":{"0":1,"1":1},"f":{"0":1},"b":{"0":[0,1]},"_coverageSchema":"1a1c01bbd47fc00a2c39e90264f33305004495a9","hash":"d03c5c63070f6e8dcf22e8c94e7bbbdf95b4586a"}
,"S:\\web design\\monta sessions\\goldtag\\src\\components\\detailpage\\sideSection\\conditions\\Conditions.js": {"path":"S:\\web design\\monta sessions\\goldtag\\src\\components\\detailpage\\sideSection\\conditions\\Conditions.js","statementMap":{"0":{"start":{"line":9,"column":21},"end":{"line":9,"column":34}},"1":{"start":{"line":10,"column":4},"end":{"line":24,"column":5}},"2":{"start":{"line":17,"column":24},"end":{"line":19,"column":25}}},"fnMap":{"0":{"name":"Conditions","decl":{"start":{"line":8,"column":9},"end":{"line":8,"column":19}},"loc":{"start":{"line":8,"column":25},"end":{"line":25,"column":1}},"line":8},"1":{"name":"(anonymous_1)","decl":{"start":{"line":16,"column":33},"end":{"line":16,"column":34}},"loc":{"start":{"line":16,"column":41},"end":{"line":20,"column":21}},"line":16}},"branchMap":{"0":{"loc":{"start":{"line":13,"column":17},"end":{"line":13,"column":56}},"type":"cond-expr","locations":[{"start":{"line":13,"column":29},"end":{"line":13,"column":52}},{"start":{"line":13,"column":54},"end":{"line":13,"column":56}}],"line":13}},"s":{"0":0,"1":0,"2":0},"f":{"0":0,"1":0},"b":{"0":[0,0]}}
,"S:\\web design\\monta sessions\\goldtag\\src\\components\\detailpage\\sideSection\\description\\sideSectionDescription.jsx": {"path":"S:\\web design\\monta sessions\\goldtag\\src\\components\\detailpage\\sideSection\\description\\sideSectionDescription.jsx","statementMap":{"0":{"start":{"line":7,"column":21},"end":{"line":7,"column":34}},"1":{"start":{"line":8,"column":4},"end":{"line":20,"column":5}}},"fnMap":{"0":{"name":"SideSectionDescription","decl":{"start":{"line":6,"column":9},"end":{"line":6,"column":31}},"loc":{"start":{"line":6,"column":56},"end":{"line":21,"column":1}},"line":6}},"branchMap":{"0":{"loc":{"start":{"line":10,"column":13},"end":{"line":18,"column":47}},"type":"cond-expr","locations":[{"start":{"line":10,"column":24},"end":{"line":18,"column":42}},{"start":{"line":18,"column":45},"end":{"line":18,"column":47}}],"line":10},"1":{"loc":{"start":{"line":16,"column":20},"end":{"line":16,"column":133}},"type":"cond-expr","locations":[{"start":{"line":16,"column":30},"end":{"line":16,"column":128}},{"start":{"line":16,"column":131},"end":{"line":16,"column":133}}],"line":16}},"s":{"0":1,"1":1},"f":{"0":1},"b":{"0":[0,1],"1":[0,0]},"_coverageSchema":"1a1c01bbd47fc00a2c39e90264f33305004495a9","hash":"77cc1833e2a54e17766294468b0914a312932d13"}
,"S:\\web design\\monta sessions\\goldtag\\src\\components\\detailpage\\sideSection\\tags\\tags.jsx": {"path":"S:\\web design\\monta sessions\\goldtag\\src\\components\\detailpage\\sideSection\\tags\\tags.jsx","statementMap":{"0":{"start":{"line":5,"column":4},"end":{"line":13,"column":5}},"1":{"start":{"line":8,"column":16},"end":{"line":10,"column":17}}},"fnMap":{"0":{"name":"Tags","decl":{"start":{"line":4,"column":9},"end":{"line":4,"column":13}},"loc":{"start":{"line":4,"column":19},"end":{"line":14,"column":1}},"line":4},"1":{"name":"(anonymous_1)","decl":{"start":{"line":7,"column":19},"end":{"line":7,"column":20}},"loc":{"start":{"line":7,"column":27},"end":{"line":10,"column":18}},"line":7}},"branchMap":{},"s":{"0":2,"1":4},"f":{"0":2,"1":4},"b":{},"_coverageSchema":"1a1c01bbd47fc00a2c39e90264f33305004495a9","hash":"faf5e5487d9fcf7791cee6f3ac411fd95cd20030"}
,"S:\\web design\\monta sessions\\goldtag\\src\\components\\detailpage\\sideSection\\texts\\texts.jsx": {"path":"S:\\web design\\monta sessions\\goldtag\\src\\components\\detailpage\\sideSection\\texts\\texts.jsx","statementMap":{"0":{"start":{"line":1,"column":14},"end":{"line":51,"column":1}}},"fnMap":{},"branchMap":{},"s":{"0":0},"f":{},"b":{}}
,"S:\\web design\\monta sessions\\goldtag\\src\\components\\detailpage\\titleSection\\titleSection.jsx": {"path":"S:\\web design\\monta sessions\\goldtag\\src\\components\\detailpage\\titleSection\\titleSection.jsx","statementMap":{"0":{"start":{"line":16,"column":4},"end":{"line":25,"column":5}}},"fnMap":{"0":{"name":"TitleSection","decl":{"start":{"line":15,"column":9},"end":{"line":15,"column":21}},"loc":{"start":{"line":15,"column":32},"end":{"line":26,"column":1}},"line":15}},"branchMap":{},"s":{"0":0},"f":{"0":0},"b":{}}
,"S:\\web design\\monta sessions\\goldtag\\src\\components\\detailpage\\titleSection\\Data\\titleSectionData.jsx": {"path":"S:\\web design\\monta sessions\\goldtag\\src\\components\\detailpage\\titleSection\\Data\\titleSectionData.jsx","statementMap":{"0":{"start":{"line":1,"column":25},"end":{"line":29,"column":1}}},"fnMap":{},"branchMap":{},"s":{"0":1},"f":{},"b":{},"_coverageSchema":"1a1c01bbd47fc00a2c39e90264f33305004495a9","hash":"9b3ac9401305adfec3863763dbb301bd74762883"}
,"S:\\web design\\monta sessions\\goldtag\\src\\components\\detailpage\\titleSection\\buttons\\Buttons.jsx": {"path":"S:\\web design\\monta sessions\\goldtag\\src\\components\\detailpage\\titleSection\\buttons\\Buttons.jsx","statementMap":{"0":{"start":{"line":5,"column":4},"end":{"line":22,"column":5}}},"fnMap":{"0":{"name":"Buttons","decl":{"start":{"line":4,"column":9},"end":{"line":4,"column":16}},"loc":{"start":{"line":4,"column":42},"end":{"line":23,"column":1}},"line":4}},"branchMap":{},"s":{"0":0},"f":{"0":0},"b":{}}
,"S:\\web design\\monta sessions\\goldtag\\src\\components\\detailpage\\titleSection\\purchaseButton\\PurchaseButton.jsx": {"path":"S:\\web design\\monta sessions\\goldtag\\src\\components\\detailpage\\titleSection\\purchaseButton\\PurchaseButton.jsx","statementMap":{"0":{"start":{"line":6,"column":26},"end":{"line":6,"column":75}},"1":{"start":{"line":7,"column":4},"end":{"line":26,"column":5}},"2":{"start":{"line":14,"column":27},"end":{"line":14,"column":58}},"3":{"start":{"line":22,"column":24},"end":{"line":22,"column":55}}},"fnMap":{"0":{"name":"PurchaseButton","decl":{"start":{"line":5,"column":9},"end":{"line":5,"column":23}},"loc":{"start":{"line":5,"column":36},"end":{"line":27,"column":1}},"line":5},"1":{"name":"(anonymous_1)","decl":{"start":{"line":13,"column":74},"end":{"line":13,"column":75}},"loc":{"start":{"line":14,"column":27},"end":{"line":14,"column":58}},"line":14},"2":{"name":"(anonymous_2)","decl":{"start":{"line":21,"column":99},"end":{"line":21,"column":100}},"loc":{"start":{"line":22,"column":24},"end":{"line":22,"column":55}},"line":22}},"branchMap":{},"s":{"0":0,"1":0,"2":0,"3":0},"f":{"0":0,"1":0,"2":0},"b":{}}
,"S:\\web design\\monta sessions\\goldtag\\src\\components\\detailpage\\titleSection\\sharingContainer\\sharing.jsx": {"path":"S:\\web design\\monta sessions\\goldtag\\src\\components\\detailpage\\titleSection\\sharingContainer\\sharing.jsx","statementMap":{"0":{"start":{"line":6,"column":21},"end":{"line":6,"column":34}},"1":{"start":{"line":7,"column":18},"end":{"line":7,"column":25}},"2":{"start":{"line":8,"column":4},"end":{"line":21,"column":5}},"3":{"start":{"line":14,"column":24},"end":{"line":16,"column":25}}},"fnMap":{"0":{"name":"SharingContainer","decl":{"start":{"line":5,"column":9},"end":{"line":5,"column":25}},"loc":{"start":{"line":5,"column":45},"end":{"line":22,"column":1}},"line":5},"1":{"name":"(anonymous_1)","decl":{"start":{"line":13,"column":31},"end":{"line":13,"column":32}},"loc":{"start":{"line":13,"column":39},"end":{"line":17,"column":21}},"line":13}},"branchMap":{"0":{"loc":{"start":{"line":10,"column":13},"end":{"line":19,"column":23}},"type":"cond-expr","locations":[{"start":{"line":10,"column":24},"end":{"line":19,"column":18}},{"start":{"line":19,"column":21},"end":{"line":19,"column":23}}],"line":10}},"s":{"0":0,"1":0,"2":0,"3":0},"f":{"0":0,"1":0},"b":{"0":[0,0]}}
,"S:\\web design\\monta sessions\\goldtag\\src\\components\\detailpage\\titleSection\\texts\\texts.jsx": {"path":"S:\\web design\\monta sessions\\goldtag\\src\\components\\detailpage\\titleSection\\texts\\texts.jsx","statementMap":{"0":{"start":{"line":1,"column":14},"end":{"line":29,"column":1}}},"fnMap":{},"branchMap":{},"s":{"0":0},"f":{},"b":{}}
,"S:\\web design\\monta sessions\\goldtag\\src\\components\\detailpage\\titleSection\\titleSectionFeatures\\titleSectionFeatures.jsx": {"path":"S:\\web design\\monta sessions\\goldtag\\src\\components\\detailpage\\titleSection\\titleSectionFeatures\\titleSectionFeatures.jsx","statementMap":{"0":{"start":{"line":5,"column":4},"end":{"line":18,"column":5}},"1":{"start":{"line":8,"column":16},"end":{"line":15,"column":17}}},"fnMap":{"0":{"name":"TitleSectionFeatures","decl":{"start":{"line":4,"column":9},"end":{"line":4,"column":29}},"loc":{"start":{"line":4,"column":35},"end":{"line":19,"column":1}},"line":4},"1":{"name":"(anonymous_1)","decl":{"start":{"line":7,"column":26},"end":{"line":7,"column":27}},"loc":{"start":{"line":7,"column":34},"end":{"line":16,"column":13}},"line":7}},"branchMap":{},"s":{"0":0,"1":0},"f":{"0":0,"1":0},"b":{}}
,"S:\\web design\\monta sessions\\goldtag\\src\\components\\detailpage\\titleSection\\titleSharing\\TitleSharing.jsx": {"path":"S:\\web design\\monta sessions\\goldtag\\src\\components\\detailpage\\titleSection\\titleSharing\\TitleSharing.jsx","statementMap":{"0":{"start":{"line":7,"column":21},"end":{"line":7,"column":34}},"1":{"start":{"line":8,"column":24},"end":{"line":8,"column":31}},"2":{"start":{"line":9,"column":4},"end":{"line":24,"column":5}},"3":{"start":{"line":16,"column":28},"end":{"line":18,"column":29}}},"fnMap":{"0":{"name":"TitleSharing","decl":{"start":{"line":6,"column":9},"end":{"line":6,"column":21}},"loc":{"start":{"line":6,"column":27},"end":{"line":25,"column":1}},"line":6},"1":{"name":"(anonymous_1)","decl":{"start":{"line":15,"column":40},"end":{"line":15,"column":41}},"loc":{"start":{"line":15,"column":48},"end":{"line":19,"column":25}},"line":15}},"branchMap":{"0":{"loc":{"start":{"line":11,"column":13},"end":{"line":22,"column":23}},"type":"cond-expr","locations":[{"start":{"line":11,"column":24},"end":{"line":22,"column":18}},{"start":{"line":22,"column":21},"end":{"line":22,"column":23}}],"line":11}},"s":{"0":0,"1":0,"2":0,"3":0},"f":{"0":0,"1":0},"b":{"0":[0,0]}}
,"S:\\web design\\monta sessions\\goldtag\\src\\components\\detailpage\\titleSection\\titles\\Titles.jsx": {"path":"S:\\web design\\monta sessions\\goldtag\\src\\components\\detailpage\\titleSection\\titles\\Titles.jsx","statementMap":{"0":{"start":{"line":8,"column":21},"end":{"line":8,"column":34}},"1":{"start":{"line":9,"column":18},"end":{"line":9,"column":33}},"2":{"start":{"line":10,"column":4},"end":{"line":28,"column":5}},"3":{"start":{"line":17,"column":24},"end":{"line":19,"column":25}}},"fnMap":{"0":{"name":"Titles","decl":{"start":{"line":7,"column":9},"end":{"line":7,"column":15}},"loc":{"start":{"line":7,"column":36},"end":{"line":29,"column":1}},"line":7},"1":{"name":"(anonymous_1)","decl":{"start":{"line":16,"column":31},"end":{"line":16,"column":32}},"loc":{"start":{"line":16,"column":41},"end":{"line":20,"column":21}},"line":16}},"branchMap":{"0":{"loc":{"start":{"line":23,"column":21},"end":{"line":25,"column":31}},"type":"cond-expr","locations":[{"start":{"line":23,"column":33},"end":{"line":25,"column":26}},{"start":{"line":25,"column":29},"end":{"line":25,"column":31}}],"line":23}},"s":{"0":1,"1":1,"2":1,"3":5},"f":{"0":1,"1":5},"b":{"0":[1,0]},"_coverageSchema":"1a1c01bbd47fc00a2c39e90264f33305004495a9","hash":"1f8650b7d1d50f309244378865b7e28a3463e11b"}
,"S:\\web design\\monta sessions\\goldtag\\src\\components\\divider\\Divider.jsx": {"path":"S:\\web design\\monta sessions\\goldtag\\src\\components\\divider\\Divider.jsx","statementMap":{"0":{"start":{"line":4,"column":4},"end":{"line":6,"column":5}}},"fnMap":{"0":{"name":"Divider","decl":{"start":{"line":3,"column":9},"end":{"line":3,"column":16}},"loc":{"start":{"line":3,"column":29},"end":{"line":7,"column":1}},"line":3}},"branchMap":{},"s":{"0":1},"f":{"0":1},"b":{},"_coverageSchema":"1a1c01bbd47fc00a2c39e90264f33305004495a9","hash":"23e6b583bb7336573cc8d81d6b6d30e0bc805ed5"}
,"S:\\web design\\monta sessions\\goldtag\\src\\components\\features\\features.jsx": {"path":"S:\\web design\\monta sessions\\goldtag\\src\\components\\features\\features.jsx","statementMap":{"0":{"start":{"line":5,"column":4},"end":{"line":21,"column":5}},"1":{"start":{"line":8,"column":16},"end":{"line":18,"column":17}}},"fnMap":{"0":{"name":"Features","decl":{"start":{"line":4,"column":9},"end":{"line":4,"column":17}},"loc":{"start":{"line":4,"column":19},"end":{"line":22,"column":1}},"line":4},"1":{"name":"(anonymous_1)","decl":{"start":{"line":7,"column":30},"end":{"line":7,"column":31}},"loc":{"start":{"line":7,"column":38},"end":{"line":19,"column":13}},"line":7}},"branchMap":{},"s":{"0":1,"1":5},"f":{"0":1,"1":5},"b":{},"_coverageSchema":"1a1c01bbd47fc00a2c39e90264f33305004495a9","hash":"e00e4ad6b6dbf7849d3d69e044ef21ad1014825e"}
,"S:\\web design\\monta sessions\\goldtag\\src\\components\\features\\Data\\featuresData.jsx": {"path":"S:\\web design\\monta sessions\\goldtag\\src\\components\\features\\Data\\featuresData.jsx","statementMap":{"0":{"start":{"line":1,"column":21},"end":{"line":27,"column":1}}},"fnMap":{},"branchMap":{},"s":{"0":2},"f":{},"b":{},"_coverageSchema":"1a1c01bbd47fc00a2c39e90264f33305004495a9","hash":"039375d085c79113c692c7dab4e081095d112bac"}
,"S:\\web design\\monta sessions\\goldtag\\src\\components\\features\\texts\\texts.jsx": {"path":"S:\\web design\\monta sessions\\goldtag\\src\\components\\features\\texts\\texts.jsx","statementMap":{"0":{"start":{"line":1,"column":14},"end":{"line":27,"column":1}}},"fnMap":{},"branchMap":{},"s":{"0":0},"f":{},"b":{}}
,"S:\\web design\\monta sessions\\goldtag\\src\\components\\footer\\FooterBottom.jsx": {"path":"S:\\web design\\monta sessions\\goldtag\\src\\components\\footer\\FooterBottom.jsx","statementMap":{"0":{"start":{"line":6,"column":21},"end":{"line":6,"column":34}},"1":{"start":{"line":7,"column":4},"end":{"line":28,"column":5}},"2":{"start":{"line":18,"column":32},"end":{"line":22,"column":33}}},"fnMap":{"0":{"name":"FooterBottom","decl":{"start":{"line":5,"column":9},"end":{"line":5,"column":21}},"loc":{"start":{"line":5,"column":23},"end":{"line":29,"column":1}},"line":5},"1":{"name":"(anonymous_1)","decl":{"start":{"line":17,"column":55},"end":{"line":17,"column":56}},"loc":{"start":{"line":17,"column":63},"end":{"line":23,"column":29}},"line":17}},"branchMap":{"0":{"loc":{"start":{"line":15,"column":21},"end":{"line":25,"column":32}},"type":"cond-expr","locations":[{"start":{"line":15,"column":33},"end":{"line":25,"column":26}},{"start":{"line":25,"column":29},"end":{"line":25,"column":32}}],"line":15}},"s":{"0":1,"1":1,"2":3},"f":{"0":1,"1":3},"b":{"0":[1,0]},"_coverageSchema":"1a1c01bbd47fc00a2c39e90264f33305004495a9","hash":"1acf877cdcdd26b0ca03f65377f4bb42bac230c9"}
,"S:\\web design\\monta sessions\\goldtag\\src\\components\\footer\\footer.jsx": {"path":"S:\\web design\\monta sessions\\goldtag\\src\\components\\footer\\footer.jsx","statementMap":{"0":{"start":{"line":12,"column":21},"end":{"line":12,"column":34}},"1":{"start":{"line":14,"column":4},"end":{"line":81,"column":5}},"2":{"start":{"line":21,"column":28},"end":{"line":23,"column":29}},"3":{"start":{"line":32,"column":36},"end":{"line":35,"column":37}},"4":{"start":{"line":41,"column":36},"end":{"line":46,"column":37}},"5":{"start":{"line":62,"column":40},"end":{"line":65,"column":41}}},"fnMap":{"0":{"name":"Footer","decl":{"start":{"line":11,"column":9},"end":{"line":11,"column":15}},"loc":{"start":{"line":11,"column":18},"end":{"line":82,"column":1}},"line":11},"1":{"name":"(anonymous_1)","decl":{"start":{"line":20,"column":50},"end":{"line":20,"column":51}},"loc":{"start":{"line":20,"column":60},"end":{"line":24,"column":25}},"line":20},"2":{"name":"(anonymous_2)","decl":{"start":{"line":31,"column":59},"end":{"line":31,"column":60}},"loc":{"start":{"line":31,"column":69},"end":{"line":36,"column":33}},"line":31},"3":{"name":"(anonymous_3)","decl":{"start":{"line":40,"column":59},"end":{"line":40,"column":60}},"loc":{"start":{"line":40,"column":69},"end":{"line":47,"column":33}},"line":40},"4":{"name":"(anonymous_4)","decl":{"start":{"line":61,"column":63},"end":{"line":61,"column":64}},"loc":{"start":{"line":61,"column":73},"end":{"line":66,"column":37}},"line":61}},"branchMap":{"0":{"loc":{"start":{"line":28,"column":21},"end":{"line":28,"column":97}},"type":"cond-expr","locations":[{"start":{"line":28,"column":32},"end":{"line":28,"column":61}},{"start":{"line":28,"column":64},"end":{"line":28,"column":97}}],"line":28},"1":{"loc":{"start":{"line":30,"column":29},"end":{"line":37,"column":33}},"type":"cond-expr","locations":[{"start":{"line":31,"column":32},"end":{"line":36,"column":34}},{"start":{"line":37,"column":31},"end":{"line":37,"column":33}}],"line":30},"2":{"loc":{"start":{"line":43,"column":45},"end":{"line":44,"column":108}},"type":"cond-expr","locations":[{"start":{"line":43,"column":56},"end":{"line":44,"column":103}},{"start":{"line":44,"column":106},"end":{"line":44,"column":108}}],"line":43},"3":{"loc":{"start":{"line":58,"column":25},"end":{"line":68,"column":41}},"type":"cond-expr","locations":[{"start":{"line":58,"column":37},"end":{"line":68,"column":36}},{"start":{"line":68,"column":39},"end":{"line":68,"column":41}}],"line":58}},"s":{"0":1,"1":1,"2":6,"3":7,"4":3,"5":3},"f":{"0":1,"1":6,"2":7,"3":3,"4":3},"b":{"0":[0,1],"1":[1,0],"2":[0,3],"3":[1,0]},"_coverageSchema":"1a1c01bbd47fc00a2c39e90264f33305004495a9","hash":"4ac031c0f42325779c6558606b1628a49f751f8a"}
,"S:\\web design\\monta sessions\\goldtag\\src\\components\\footer\\Data\\footerData.js": {"path":"S:\\web design\\monta sessions\\goldtag\\src\\components\\footer\\Data\\footerData.js","statementMap":{"0":{"start":{"line":2,"column":20},"end":{"line":80,"column":1}}},"fnMap":{},"branchMap":{},"s":{"0":2},"f":{},"b":{},"_coverageSchema":"1a1c01bbd47fc00a2c39e90264f33305004495a9","hash":"74f69878d19024168b1250a38f870718da9bfde2"}
,"S:\\web design\\monta sessions\\goldtag\\src\\components\\goldtags\\goldtags.jsx": {"path":"S:\\web design\\monta sessions\\goldtag\\src\\components\\goldtags\\goldtags.jsx","statementMap":{"0":{"start":{"line":10,"column":21},"end":{"line":10,"column":34}},"1":{"start":{"line":11,"column":4},"end":{"line":26,"column":5}},"2":{"start":{"line":18,"column":24},"end":{"line":21,"column":56}}},"fnMap":{"0":{"name":"Goldtags","decl":{"start":{"line":9,"column":9},"end":{"line":9,"column":17}},"loc":{"start":{"line":9,"column":20},"end":{"line":27,"column":1}},"line":9},"1":{"name":"(anonymous_1)","decl":{"start":{"line":17,"column":30},"end":{"line":17,"column":31}},"loc":{"start":{"line":18,"column":24},"end":{"line":21,"column":56}},"line":18}},"branchMap":{"0":{"loc":{"start":{"line":15,"column":21},"end":{"line":15,"column":127}},"type":"cond-expr","locations":[{"start":{"line":15,"column":32},"end":{"line":15,"column":123}},{"start":{"line":15,"column":125},"end":{"line":15,"column":127}}],"line":15}},"s":{"0":1,"1":1,"2":11},"f":{"0":1,"1":11},"b":{"0":[0,1]},"_coverageSchema":"1a1c01bbd47fc00a2c39e90264f33305004495a9","hash":"0976624f6d81d1761cda169e5f78441a7c0b4c3e"}
,"S:\\web design\\monta sessions\\goldtag\\src\\components\\goldtags\\texts\\goldtagTexts.jsx": {"path":"S:\\web design\\monta sessions\\goldtag\\src\\components\\goldtags\\texts\\goldtagTexts.jsx","statementMap":{"0":{"start":{"line":1,"column":20},"end":{"line":4,"column":1}}},"fnMap":{},"branchMap":{},"s":{"0":2},"f":{},"b":{},"_coverageSchema":"1a1c01bbd47fc00a2c39e90264f33305004495a9","hash":"18f241db1d46e3690a019432e89977b10b59efd5"}
,"S:\\web design\\monta sessions\\goldtag\\src\\components\\goldtags\\texts\\texts.jsx": {"path":"S:\\web design\\monta sessions\\goldtag\\src\\components\\goldtags\\texts\\texts.jsx","statementMap":{"0":{"start":{"line":1,"column":13},"end":{"line":4,"column":1}}},"fnMap":{},"branchMap":{},"s":{"0":0},"f":{},"b":{}}
,"S:\\web design\\monta sessions\\goldtag\\src\\components\\header\\Header.jsx": {"path":"S:\\web design\\monta sessions\\goldtag\\src\\components\\header\\Header.jsx","statementMap":{"0":{"start":{"line":14,"column":21},"end":{"line":14,"column":34}},"1":{"start":{"line":15,"column":4},"end":{"line":43,"column":6}}},"fnMap":{"0":{"name":"Header","decl":{"start":{"line":13,"column":9},"end":{"line":13,"column":15}},"loc":{"start":{"line":13,"column":18},"end":{"line":44,"column":1}},"line":13}},"branchMap":{"0":{"loc":{"start":{"line":18,"column":17},"end":{"line":39,"column":60}},"type":"cond-expr","locations":[{"start":{"line":18,"column":29},"end":{"line":39,"column":55}},{"start":{"line":39,"column":58},"end":{"line":39,"column":60}}],"line":18},"1":{"loc":{"start":{"line":41,"column":13},"end":{"line":41,"column":48}},"type":"cond-expr","locations":[{"start":{"line":41,"column":24},"end":{"line":41,"column":43}},{"start":{"line":41,"column":46},"end":{"line":41,"column":48}}],"line":41}},"s":{"0":1,"1":1},"f":{"0":1},"b":{"0":[1,0],"1":[0,1]},"_coverageSchema":"1a1c01bbd47fc00a2c39e90264f33305004495a9","hash":"665f85dd5508d28f7d7691a91c136aca63dc1ea6"}
,"S:\\web design\\monta sessions\\goldtag\\src\\components\\header\\ResponsiveHeader.jsx": {"path":"S:\\web design\\monta sessions\\goldtag\\src\\components\\header\\ResponsiveHeader.jsx","statementMap":{"0":{"start":{"line":7,"column":21},"end":{"line":7,"column":34}},"1":{"start":{"line":8,"column":4},"end":{"line":21,"column":5}}},"fnMap":{"0":{"name":"ReponsiveHeader","decl":{"start":{"line":6,"column":9},"end":{"line":6,"column":24}},"loc":{"start":{"line":6,"column":26},"end":{"line":22,"column":1}},"line":6}},"branchMap":{"0":{"loc":{"start":{"line":10,"column":13},"end":{"line":19,"column":23}},"type":"cond-expr","locations":[{"start":{"line":10,"column":24},"end":{"line":19,"column":18}},{"start":{"line":19,"column":21},"end":{"line":19,"column":23}}],"line":10}},"s":{"0":1,"1":1},"f":{"0":1},"b":{"0":[0,1]},"_coverageSchema":"1a1c01bbd47fc00a2c39e90264f33305004495a9","hash":"1c246e99f4a0db48fccd0a0cc2afa2334f11dd62"}
,"S:\\web design\\monta sessions\\goldtag\\src\\components\\header\\navbar\\Navbar.jsx": {"path":"S:\\web design\\monta sessions\\goldtag\\src\\components\\header\\navbar\\Navbar.jsx","statementMap":{"0":{"start":{"line":9,"column":4},"end":{"line":28,"column":5}},"1":{"start":{"line":15,"column":20},"end":{"line":21,"column":21}}},"fnMap":{"0":{"name":"Navbar","decl":{"start":{"line":8,"column":9},"end":{"line":8,"column":15}},"loc":{"start":{"line":8,"column":17},"end":{"line":29,"column":1}},"line":8},"1":{"name":"(anonymous_1)","decl":{"start":{"line":14,"column":45},"end":{"line":14,"column":46}},"loc":{"start":{"line":14,"column":53},"end":{"line":22,"column":17}},"line":14}},"branchMap":{},"s":{"0":1,"1":5},"f":{"0":1,"1":5},"b":{},"_coverageSchema":"1a1c01bbd47fc00a2c39e90264f33305004495a9","hash":"314ed467639e1cb67b6951f487228476eb075404"}
,"S:\\web design\\monta sessions\\goldtag\\src\\components\\header\\navbar\\Data\\navbarData.jsx": {"path":"S:\\web design\\monta sessions\\goldtag\\src\\components\\header\\navbar\\Data\\navbarData.jsx","statementMap":{"0":{"start":{"line":2,"column":19},"end":{"line":92,"column":1}}},"fnMap":{},"branchMap":{},"s":{"0":2},"f":{},"b":{},"_coverageSchema":"1a1c01bbd47fc00a2c39e90264f33305004495a9","hash":"fbb1b46c86139c538d942d222801c4b273e18736"}
,"S:\\web design\\monta sessions\\goldtag\\src\\components\\header\\navbar\\dropdown\\Dropdown.jsx": {"path":"S:\\web design\\monta sessions\\goldtag\\src\\components\\header\\navbar\\dropdown\\Dropdown.jsx","statementMap":{"0":{"start":{"line":4,"column":4},"end":{"line":27,"column":5}},"1":{"start":{"line":9,"column":28},"end":{"line":11,"column":29}},"2":{"start":{"line":16,"column":28},"end":{"line":18,"column":29}}},"fnMap":{"0":{"name":"DropDown","decl":{"start":{"line":3,"column":9},"end":{"line":3,"column":17}},"loc":{"start":{"line":3,"column":25},"end":{"line":28,"column":1}},"line":3},"1":{"name":"(anonymous_1)","decl":{"start":{"line":8,"column":44},"end":{"line":8,"column":45}},"loc":{"start":{"line":8,"column":52},"end":{"line":12,"column":25}},"line":8},"2":{"name":"(anonymous_2)","decl":{"start":{"line":15,"column":45},"end":{"line":15,"column":46}},"loc":{"start":{"line":15,"column":53},"end":{"line":19,"column":25}},"line":15}},"branchMap":{},"s":{"0":1,"1":2,"2":2},"f":{"0":1,"1":2,"2":2},"b":{},"_coverageSchema":"1a1c01bbd47fc00a2c39e90264f33305004495a9","hash":"4e05ada886e172eeba9485fd99824a9e114065c3"}
,"S:\\web design\\monta sessions\\goldtag\\src\\components\\header\\navbar\\texts\\texts.jsx": {"path":"S:\\web design\\monta sessions\\goldtag\\src\\components\\header\\navbar\\texts\\texts.jsx","statementMap":{"0":{"start":{"line":2,"column":14},"end":{"line":92,"column":1}}},"fnMap":{},"branchMap":{},"s":{"0":0},"f":{},"b":{}}
,"S:\\web design\\monta sessions\\goldtag\\src\\components\\header\\texts\\headerTexts.jsx": {"path":"S:\\web design\\monta sessions\\goldtag\\src\\components\\header\\texts\\headerTexts.jsx","statementMap":{"0":{"start":{"line":1,"column":20},"end":{"line":6,"column":1}}},"fnMap":{},"branchMap":{},"s":{"0":1},"f":{},"b":{},"_coverageSchema":"1a1c01bbd47fc00a2c39e90264f33305004495a9","hash":"5ef1ce1d9c88114c87c65b4f9f74e319ef7d5bdd"}
,"S:\\web design\\monta sessions\\goldtag\\src\\components\\social\\social.jsx": {"path":"S:\\web design\\monta sessions\\goldtag\\src\\components\\social\\social.jsx","statementMap":{"0":{"start":{"line":6,"column":4},"end":{"line":24,"column":5}},"1":{"start":{"line":10,"column":20},"end":{"line":20,"column":21}}},"fnMap":{"0":{"name":"Social","decl":{"start":{"line":5,"column":9},"end":{"line":5,"column":15}},"loc":{"start":{"line":5,"column":17},"end":{"line":25,"column":1}},"line":5},"1":{"name":"(anonymous_1)","decl":{"start":{"line":9,"column":31},"end":{"line":9,"column":32}},"loc":{"start":{"line":9,"column":39},"end":{"line":21,"column":17}},"line":9}},"branchMap":{},"s":{"0":1,"1":4},"f":{"0":1,"1":4},"b":{},"_coverageSchema":"1a1c01bbd47fc00a2c39e90264f33305004495a9","hash":"fa78265641a139f09d977725b60d6c12ed97714f"}
,"S:\\web design\\monta sessions\\goldtag\\src\\components\\social\\Data\\socialData.jsx": {"path":"S:\\web design\\monta sessions\\goldtag\\src\\components\\social\\Data\\socialData.jsx","statementMap":{"0":{"start":{"line":2,"column":19},"end":{"line":27,"column":1}}},"fnMap":{},"branchMap":{},"s":{"0":2},"f":{},"b":{},"_coverageSchema":"1a1c01bbd47fc00a2c39e90264f33305004495a9","hash":"86d9fd6c540bb1c6cca365c08d648f309eae7124"}
,"S:\\web design\\monta sessions\\goldtag\\src\\components\\social\\images\\images.jsx": {"path":"S:\\web design\\monta sessions\\goldtag\\src\\components\\social\\images\\images.jsx","statementMap":{"0":{"start":{"line":5,"column":15},"end":{"line":10,"column":1}}},"fnMap":{},"branchMap":{},"s":{"0":2},"f":{},"b":{},"_coverageSchema":"1a1c01bbd47fc00a2c39e90264f33305004495a9","hash":"62abba84efcf78ffccb972456a32f083effbc0e3"}
,"S:\\web design\\monta sessions\\goldtag\\src\\components\\social\\texts\\texts.jsx": {"path":"S:\\web design\\monta sessions\\goldtag\\src\\components\\social\\texts\\texts.jsx","statementMap":{"0":{"start":{"line":2,"column":14},"end":{"line":27,"column":1}}},"fnMap":{},"branchMap":{},"s":{"0":0},"f":{},"b":{}}
,"S:\\web design\\monta sessions\\goldtag\\src\\components\\swiper\\mainswipper.jsx": {"path":"S:\\web design\\monta sessions\\goldtag\\src\\components\\swiper\\mainswipper.jsx","statementMap":{"0":{"start":{"line":9,"column":4},"end":{"line":11,"column":9}},"1":{"start":{"line":12,"column":4},"end":{"line":27,"column":5}},"2":{"start":{"line":18,"column":24},"end":{"line":22,"column":25}}},"fnMap":{"0":{"name":"MainSwipper","decl":{"start":{"line":8,"column":9},"end":{"line":8,"column":20}},"loc":{"start":{"line":8,"column":23},"end":{"line":28,"column":1}},"line":8},"1":{"name":"(anonymous_1)","decl":{"start":{"line":17,"column":34},"end":{"line":17,"column":35}},"loc":{"start":{"line":17,"column":42},"end":{"line":23,"column":21}},"line":17}},"branchMap":{},"s":{"0":2,"1":2,"2":12},"f":{"0":2,"1":12},"b":{},"_coverageSchema":"1a1c01bbd47fc00a2c39e90264f33305004495a9","hash":"c706a9d00e6f05887414e4656ac1e0b85a652f22"}
,"S:\\web design\\monta sessions\\goldtag\\src\\components\\swiper\\images\\swiperImg.jsx": {"path":"S:\\web design\\monta sessions\\goldtag\\src\\components\\swiper\\images\\swiperImg.jsx","statementMap":{"0":{"start":{"line":1,"column":18},"end":{"line":8,"column":1}}},"fnMap":{},"branchMap":{},"s":{"0":2},"f":{},"b":{},"_coverageSchema":"1a1c01bbd47fc00a2c39e90264f33305004495a9","hash":"195dff1fcf59717cee91dcbe7571c66d988c97cc"}
,"S:\\web design\\monta sessions\\goldtag\\src\\customIsMobileHook\\useViewPort.jsx": {"path":"S:\\web design\\monta sessions\\goldtag\\src\\customIsMobileHook\\useViewPort.jsx","statementMap":{"0":{"start":{"line":2,"column":20},"end":{"line":12,"column":1}},"1":{"start":{"line":3,"column":30},"end":{"line":3,"column":94}},"2":{"start":{"line":5,"column":4},"end":{"line":9,"column":11}},"3":{"start":{"line":6,"column":35},"end":{"line":6,"column":68}},"4":{"start":{"line":6,"column":41},"end":{"line":6,"column":68}},"5":{"start":{"line":7,"column":8},"end":{"line":7,"column":62}},"6":{"start":{"line":8,"column":8},"end":{"line":8,"column":78}},"7":{"start":{"line":8,"column":21},"end":{"line":8,"column":77}},"8":{"start":{"line":11,"column":4},"end":{"line":11,"column":21}}},"fnMap":{"0":{"name":"(anonymous_0)","decl":{"start":{"line":2,"column":20},"end":{"line":2,"column":21}},"loc":{"start":{"line":2,"column":26},"end":{"line":12,"column":1}},"line":2},"1":{"name":"(anonymous_1)","decl":{"start":{"line":5,"column":20},"end":{"line":5,"column":21}},"loc":{"start":{"line":5,"column":26},"end":{"line":9,"column":5}},"line":5},"2":{"name":"(anonymous_2)","decl":{"start":{"line":6,"column":35},"end":{"line":6,"column":36}},"loc":{"start":{"line":6,"column":41},"end":{"line":6,"column":68}},"line":6},"3":{"name":"(anonymous_3)","decl":{"start":{"line":8,"column":15},"end":{"line":8,"column":16}},"loc":{"start":{"line":8,"column":21},"end":{"line":8,"column":77}},"line":8}},"branchMap":{"0":{"loc":{"start":{"line":3,"column":45},"end":{"line":3,"column":93}},"type":"binary-expr","locations":[{"start":{"line":3,"column":45},"end":{"line":3,"column":72}},{"start":{"line":3,"column":76},"end":{"line":3,"column":93}}],"line":3}},"s":{"0":17,"1":15,"2":15,"3":0,"4":0,"5":0,"6":0,"7":0,"8":15},"f":{"0":15,"1":0,"2":0,"3":0},"b":{"0":[15,15]},"_coverageSchema":"1a1c01bbd47fc00a2c39e90264f33305004495a9","hash":"2c6fffcb2b6fe92c455f1330912e8b155ca1a47c"}
,"S:\\web design\\monta sessions\\goldtag\\src\\data\\Data.jsx": {"path":"S:\\web design\\monta sessions\\goldtag\\src\\data\\Data.jsx","statementMap":{"0":{"start":{"line":1,"column":11},"end":{"line":600,"column":1}}},"fnMap":{},"branchMap":{},"s":{"0":0},"f":{},"b":{}}
,"S:\\web design\\monta sessions\\goldtag\\src\\redux\\action\\actions.js": {"path":"S:\\web design\\monta sessions\\goldtag\\src\\redux\\action\\actions.js","statementMap":{"0":{"start":{"line":2,"column":17},"end":{"line":4,"column":2}},"1":{"start":{"line":2,"column":24},"end":{"line":4,"column":1}},"2":{"start":{"line":6,"column":15},"end":{"line":8,"column":2}},"3":{"start":{"line":6,"column":22},"end":{"line":8,"column":1}},"4":{"start":{"line":9,"column":13},"end":{"line":12,"column":2}},"5":{"start":{"line":9,"column":21},"end":{"line":12,"column":1}},"6":{"start":{"line":13,"column":16},"end":{"line":16,"column":2}},"7":{"start":{"line":13,"column":24},"end":{"line":16,"column":1}},"8":{"start":{"line":17,"column":21},"end":{"line":22,"column":1}}},"fnMap":{"0":{"name":"(anonymous_0)","decl":{"start":{"line":2,"column":17},"end":{"line":2,"column":18}},"loc":{"start":{"line":2,"column":24},"end":{"line":4,"column":1}},"line":2},"1":{"name":"(anonymous_1)","decl":{"start":{"line":6,"column":15},"end":{"line":6,"column":16}},"loc":{"start":{"line":6,"column":22},"end":{"line":8,"column":1}},"line":6},"2":{"name":"(anonymous_2)","decl":{"start":{"line":9,"column":13},"end":{"line":9,"column":14}},"loc":{"start":{"line":9,"column":21},"end":{"line":12,"column":1}},"line":9},"3":{"name":"(anonymous_3)","decl":{"start":{"line":13,"column":16},"end":{"line":13,"column":17}},"loc":{"start":{"line":13,"column":24},"end":{"line":16,"column":1}},"line":13}},"branchMap":{},"s":{"0":0,"1":0,"2":0,"3":0,"4":0,"5":0,"6":0,"7":0,"8":0},"f":{"0":0,"1":0,"2":0,"3":0},"b":{}}
,"S:\\web design\\monta sessions\\goldtag\\src\\redux\\actionTypes\\actionTypes.js": {"path":"S:\\web design\\monta sessions\\goldtag\\src\\redux\\actionTypes\\actionTypes.js","statementMap":{"0":{"start":{"line":1,"column":18},"end":{"line":6,"column":1}}},"fnMap":{},"branchMap":{},"s":{"0":5},"f":{},"b":{},"_coverageSchema":"1a1c01bbd47fc00a2c39e90264f33305004495a9","hash":"867befef62a7df98e17633a80c3f54322475d63f"}
,"S:\\web design\\monta sessions\\goldtag\\src\\redux\\reducer\\combineReducer.js": {"path":"S:\\web design\\monta sessions\\goldtag\\src\\redux\\reducer\\combineReducer.js","statementMap":{"0":{"start":{"line":4,"column":20},"end":{"line":7,"column":2}}},"fnMap":{},"branchMap":{},"s":{"0":0},"f":{},"b":{}}
,"S:\\web design\\monta sessions\\goldtag\\src\\redux\\reducer\\comments.js": {"path":"S:\\web design\\monta sessions\\goldtag\\src\\redux\\reducer\\comments.js","statementMap":{"0":{"start":{"line":1,"column":21},"end":{"line":3,"column":1}},"1":{"start":{"line":5,"column":4},"end":{"line":16,"column":5}},"2":{"start":{"line":7,"column":12},"end":{"line":9,"column":14}},"3":{"start":{"line":11,"column":12},"end":{"line":13,"column":13}},"4":{"start":{"line":15,"column":12},"end":{"line":15,"column":25}}},"fnMap":{"0":{"name":"comments","decl":{"start":{"line":4,"column":24},"end":{"line":4,"column":32}},"loc":{"start":{"line":4,"column":61},"end":{"line":17,"column":1}},"line":4}},"branchMap":{"0":{"loc":{"start":{"line":4,"column":33},"end":{"line":4,"column":51}},"type":"default-arg","locations":[{"start":{"line":4,"column":39},"end":{"line":4,"column":51}}],"line":4},"1":{"loc":{"start":{"line":5,"column":4},"end":{"line":16,"column":5}},"type":"switch","locations":[{"start":{"line":6,"column":8},"end":{"line":9,"column":14}},{"start":{"line":10,"column":8},"end":{"line":13,"column":13}},{"start":{"line":14,"column":8},"end":{"line":15,"column":25}}],"line":5}},"s":{"0":0,"1":0,"2":0,"3":0,"4":0},"f":{"0":0},"b":{"0":[0],"1":[0,0,0]}}
,"S:\\web design\\monta sessions\\goldtag\\src\\redux\\reducer\\likes.js": {"path":"S:\\web design\\monta sessions\\goldtag\\src\\redux\\reducer\\likes.js","statementMap":{"0":{"start":{"line":1,"column":21},"end":{"line":3,"column":1}},"1":{"start":{"line":8,"column":4},"end":{"line":38,"column":5}},"2":{"start":{"line":10,"column":12},"end":{"line":10,"column":43}},"3":{"start":{"line":11,"column":12},"end":{"line":11,"column":31}},"4":{"start":{"line":12,"column":12},"end":{"line":12,"column":78}},"5":{"start":{"line":12,"column":49},"end":{"line":12,"column":76}},"6":{"start":{"line":13,"column":12},"end":{"line":15,"column":13}},"7":{"start":{"line":14,"column":16},"end":{"line":14,"column":33}},"8":{"start":{"line":16,"column":12},"end":{"line":16,"column":33}},"9":{"start":{"line":17,"column":12},"end":{"line":20,"column":13}},"10":{"start":{"line":23,"column":12},"end":{"line":23,"column":43}},"11":{"start":{"line":24,"column":12},"end":{"line":24,"column":31}},"12":{"start":{"line":25,"column":12},"end":{"line":25,"column":78}},"13":{"start":{"line":25,"column":49},"end":{"line":25,"column":76}},"14":{"start":{"line":26,"column":12},"end":{"line":28,"column":13}},"15":{"start":{"line":27,"column":16},"end":{"line":27,"column":36}},"16":{"start":{"line":29,"column":12},"end":{"line":29,"column":33}},"17":{"start":{"line":31,"column":12},"end":{"line":34,"column":13}},"18":{"start":{"line":37,"column":12},"end":{"line":37,"column":25}}},"fnMap":{"0":{"name":"likes","decl":{"start":{"line":7,"column":24},"end":{"line":7,"column":29}},"loc":{"start":{"line":7,"column":60},"end":{"line":39,"column":1}},"line":7},"1":{"name":"(anonymous_1)","decl":{"start":{"line":12,"column":37},"end":{"line":12,"column":38}},"loc":{"start":{"line":12,"column":49},"end":{"line":12,"column":76}},"line":12},"2":{"name":"(anonymous_2)","decl":{"start":{"line":25,"column":37},"end":{"line":25,"column":38}},"loc":{"start":{"line":25,"column":49},"end":{"line":25,"column":76}},"line":25}},"branchMap":{"0":{"loc":{"start":{"line":7,"column":30},"end":{"line":7,"column":50}},"type":"default-arg","locations":[{"start":{"line":7,"column":38},"end":{"line":7,"column":50}}],"line":7},"1":{"loc":{"start":{"line":8,"column":4},"end":{"line":38,"column":5}},"type":"switch","locations":[{"start":{"line":9,"column":8},"end":{"line":20,"column":13}},{"start":{"line":22,"column":8},"end":{"line":34,"column":13}},{"start":{"line":36,"column":8},"end":{"line":37,"column":25}}],"line":8},"2":{"loc":{"start":{"line":13,"column":12},"end":{"line":15,"column":13}},"type":"if","locations":[{"start":{"line":13,"column":12},"end":{"line":15,"column":13}},{"start":{"line":13,"column":12},"end":{"line":15,"column":13}}],"line":13},"3":{"loc":{"start":{"line":26,"column":12},"end":{"line":28,"column":13}},"type":"if","locations":[{"start":{"line":26,"column":12},"end":{"line":28,"column":13}},{"start":{"line":26,"column":12},"end":{"line":28,"column":13}}],"line":26}},"s":{"0":0,"1":0,"2":0,"3":0,"4":0,"5":0,"6":0,"7":0,"8":0,"9":0,"10":0,"11":0,"12":0,"13":0,"14":0,"15":0,"16":0,"17":0,"18":0},"f":{"0":0,"1":0,"2":0},"b":{"0":[0],"1":[0,0,0],"2":[0,0],"3":[0,0]}}
,"S:\\web design\\monta sessions\\goldtag\\src\\redux\\store\\store.js": {"path":"S:\\web design\\monta sessions\\goldtag\\src\\redux\\store\\store.js","statementMap":{"0":{"start":{"line":7,"column":13},"end":{"line":7,"column":15}},"1":{"start":{"line":9,"column":22},"end":{"line":13,"column":1}},"2":{"start":{"line":15,"column":25},"end":{"line":15,"column":67}},"3":{"start":{"line":17,"column":14},"end":{"line":20,"column":1}},"4":{"start":{"line":22,"column":25},"end":{"line":22,"column":44}}},"fnMap":{},"branchMap":{},"s":{"0":0,"1":0,"2":0,"3":0,"4":0},"f":{},"b":{}}
}
