{"D:\\sarina\\goldtag\\src\\App.js": {"path":"D:\\sarina\\goldtag\\src\\App.js","statementMap":{"0":{"start":{"line":13,"column":2},"end":{"line":27,"column":4}}},"fnMap":{"0":{"name":"App","decl":{"start":{"line":12,"column":9},"end":{"line":12,"column":12}},"loc":{"start":{"line":12,"column":15},"end":{"line":28,"column":1}},"line":12}},"branchMap":{},"s":{"0":0},"f":{"0":0},"b":{},"_coverageSchema":"1a1c01bbd47fc00a2c39e90264f33305004495a9","hash":"b4564c612a81298a250fced22408676ccaac2408"}
,"D:\\sarina\\goldtag\\src\\index.js": {"path":"D:\\sarina\\goldtag\\src\\index.js","statementMap":{"0":{"start":{"line":5,"column":0},"end":{"line":10,"column":2}}},"fnMap":{},"branchMap":{},"s":{"0":0},"f":{},"b":{}}
,"D:\\sarina\\goldtag\\src\\components\\MainComponents.jsx": {"path":"D:\\sarina\\goldtag\\src\\components\\MainComponents.jsx","statementMap":{"0":{"start":{"line":8,"column":4},"end":{"line":16,"column":6}}},"fnMap":{"0":{"name":"MainComponents","decl":{"start":{"line":7,"column":9},"end":{"line":7,"column":23}},"loc":{"start":{"line":7,"column":26},"end":{"line":17,"column":1}},"line":7}},"branchMap":{},"s":{"0":6},"f":{"0":6},"b":{},"_coverageSchema":"1a1c01bbd47fc00a2c39e90264f33305004495a9","hash":"291f06a6429fcacdfd5112c0b326699b9bbd6cb0"}
,"D:\\sarina\\goldtag\\src\\components\\advices\\advices.jsx": {"path":"D:\\sarina\\goldtag\\src\\components\\advices\\advices.jsx","statementMap":{"0":{"start":{"line":8,"column":4},"end":{"line":23,"column":5}}},"fnMap":{"0":{"name":"Advices","decl":{"start":{"line":7,"column":9},"end":{"line":7,"column":16}},"loc":{"start":{"line":7,"column":18},"end":{"line":24,"column":1}},"line":7}},"branchMap":{},"s":{"0":1},"f":{"0":1},"b":{},"_coverageSchema":"1a1c01bbd47fc00a2c39e90264f33305004495a9","hash":"883e1ec9475b6e516b4a1dd00d3da98111615fdc"}
,"D:\\sarina\\goldtag\\src\\components\\advices\\texts\\advicesTexts.jsx": {"path":"D:\\sarina\\goldtag\\src\\components\\advices\\texts\\advicesTexts.jsx","statementMap":{"0":{"start":{"line":1,"column":20},"end":{"line":5,"column":1}}},"fnMap":{},"branchMap":{},"s":{"0":2},"f":{},"b":{},"_coverageSchema":"1a1c01bbd47fc00a2c39e90264f33305004495a9","hash":"52eda145db9f858b7e333578df76a4dca514fb1f"}
,"D:\\sarina\\goldtag\\src\\components\\assets\\data\\Data.jsx": {"path":"D:\\sarina\\goldtag\\src\\components\\assets\\data\\Data.jsx","statementMap":{"0":{"start":{"line":1,"column":11},"end":{"line":767,"column":1}}},"fnMap":{},"branchMap":{},"s":{"0":4},"f":{},"b":{},"_coverageSchema":"1a1c01bbd47fc00a2c39e90264f33305004495a9","hash":"4f63f6bb49b56134bb076d441dc4d09b34713f01"}
,"D:\\sarina\\goldtag\\src\\components\\card\\card.jsx": {"path":"D:\\sarina\\goldtag\\src\\components\\card\\card.jsx","statementMap":{"0":{"start":{"line":13,"column":21},"end":{"line":13,"column":34}},"1":{"start":{"line":14,"column":4},"end":{"line":50,"column":6}},"2":{"start":{"line":40,"column":36},"end":{"line":40,"column":67}}},"fnMap":{"0":{"name":"Card","decl":{"start":{"line":12,"column":9},"end":{"line":12,"column":13}},"loc":{"start":{"line":12,"column":105},"end":{"line":51,"column":1}},"line":12},"1":{"name":"(anonymous_1)","decl":{"start":{"line":39,"column":62},"end":{"line":39,"column":63}},"loc":{"start":{"line":40,"column":36},"end":{"line":40,"column":67}},"line":40}},"branchMap":{"0":{"loc":{"start":{"line":17,"column":17},"end":{"line":19,"column":93}},"type":"cond-expr","locations":[{"start":{"line":18,"column":23},"end":{"line":18,"column":94}},{"start":{"line":19,"column":23},"end":{"line":19,"column":93}}],"line":17},"1":{"loc":{"start":{"line":26,"column":17},"end":{"line":26,"column":92}},"type":"cond-expr","locations":[{"start":{"line":26,"column":28},"end":{"line":26,"column":88}},{"start":{"line":26,"column":90},"end":{"line":26,"column":92}}],"line":26},"2":{"loc":{"start":{"line":32,"column":25},"end":{"line":32,"column":80}},"type":"cond-expr","locations":[{"start":{"line":32,"column":37},"end":{"line":32,"column":76}},{"start":{"line":32,"column":78},"end":{"line":32,"column":80}}],"line":32}},"s":{"0":2,"1":2,"2":0},"f":{"0":2,"1":0},"b":{"0":[0,2],"1":[0,2],"2":[2,0]},"_coverageSchema":"1a1c01bbd47fc00a2c39e90264f33305004495a9","hash":"5afbab1da3d61421a3f045950a34aa033beab5c2"}
,"D:\\sarina\\goldtag\\src\\components\\card\\texts\\cardTexts.jsx": {"path":"D:\\sarina\\goldtag\\src\\components\\card\\texts\\cardTexts.jsx","statementMap":{"0":{"start":{"line":1,"column":17},"end":{"line":4,"column":1}}},"fnMap":{},"branchMap":{},"s":{"0":1},"f":{},"b":{},"_coverageSchema":"1a1c01bbd47fc00a2c39e90264f33305004495a9","hash":"756cadb21d8420c8bc0e4bd73a6728f6d869a990"}
,"D:\\sarina\\goldtag\\src\\components\\category\\category.jsx": {"path":"D:\\sarina\\goldtag\\src\\components\\category\\category.jsx","statementMap":{"0":{"start":{"line":10,"column":21},"end":{"line":10,"column":34}},"1":{"start":{"line":11,"column":4},"end":{"line":36,"column":5}},"2":{"start":{"line":17,"column":32},"end":{"line":20,"column":33}},"3":{"start":{"line":27,"column":28},"end":{"line":31,"column":29}}},"fnMap":{"0":{"name":"Category","decl":{"start":{"line":9,"column":9},"end":{"line":9,"column":17}},"loc":{"start":{"line":9,"column":20},"end":{"line":37,"column":1}},"line":9},"1":{"name":"(anonymous_1)","decl":{"start":{"line":16,"column":52},"end":{"line":16,"column":53}},"loc":{"start":{"line":16,"column":62},"end":{"line":21,"column":29}},"line":16},"2":{"name":"(anonymous_2)","decl":{"start":{"line":26,"column":48},"end":{"line":26,"column":49}},"loc":{"start":{"line":26,"column":58},"end":{"line":32,"column":25}},"line":26}},"branchMap":{"0":{"loc":{"start":{"line":13,"column":17},"end":{"line":34,"column":25}},"type":"cond-expr","locations":[{"start":{"line":13,"column":29},"end":{"line":24,"column":64}},{"start":{"line":24,"column":66},"end":{"line":34,"column":25}}],"line":13}},"s":{"0":1,"1":1,"2":5,"3":0},"f":{"0":1,"1":5,"2":0},"b":{"0":[1,0]},"_coverageSchema":"1a1c01bbd47fc00a2c39e90264f33305004495a9","hash":"e4a93ea15983708e426e42e546c11bf896aaaf88"}
,"D:\\sarina\\goldtag\\src\\components\\category\\data\\categoryData.jsx": {"path":"D:\\sarina\\goldtag\\src\\components\\category\\data\\categoryData.jsx","statementMap":{"0":{"start":{"line":1,"column":22},"end":{"line":10,"column":1}}},"fnMap":{},"branchMap":{},"s":{"0":4},"f":{},"b":{},"_coverageSchema":"1a1c01bbd47fc00a2c39e90264f33305004495a9","hash":"16c166f43359dccd97b11bb9fba93412ac237d5d"}
,"D:\\sarina\\goldtag\\src\\components\\category\\data\\data.jsx": {"path":"D:\\sarina\\goldtag\\src\\components\\category\\data\\data.jsx","statementMap":{"0":{"start":{"line":1,"column":13},"end":{"line":10,"column":1}}},"fnMap":{},"branchMap":{},"s":{"0":1},"f":{},"b":{},"_coverageSchema":"1a1c01bbd47fc00a2c39e90264f33305004495a9","hash":"497259ee8142a355d3ec5d55ccc778f091cd4d46"}
,"D:\\sarina\\goldtag\\src\\components\\detailpage\\Attributes\\Attributes.jsx": {"path":"D:\\sarina\\goldtag\\src\\components\\detailpage\\Attributes\\Attributes.jsx","statementMap":{"0":{"start":{"line":9,"column":21},"end":{"line":9,"column":34}},"1":{"start":{"line":10,"column":21},"end":{"line":10,"column":34}},"2":{"start":{"line":11,"column":4},"end":{"line":26,"column":5}},"3":{"start":{"line":18,"column":24},"end":{"line":20,"column":25}}},"fnMap":{"0":{"name":"Attributes","decl":{"start":{"line":8,"column":9},"end":{"line":8,"column":19}},"loc":{"start":{"line":8,"column":27},"end":{"line":27,"column":1}},"line":8},"1":{"name":"(anonymous_1)","decl":{"start":{"line":17,"column":35},"end":{"line":17,"column":36}},"loc":{"start":{"line":17,"column":43},"end":{"line":21,"column":21}},"line":17}},"branchMap":{"0":{"loc":{"start":{"line":14,"column":17},"end":{"line":14,"column":43}},"type":"cond-expr","locations":[{"start":{"line":14,"column":29},"end":{"line":14,"column":39}},{"start":{"line":14,"column":41},"end":{"line":14,"column":43}}],"line":14},"1":{"loc":{"start":{"line":24,"column":13},"end":{"line":24,"column":38}},"type":"cond-expr","locations":[{"start":{"line":24,"column":24},"end":{"line":24,"column":34}},{"start":{"line":24,"column":36},"end":{"line":24,"column":38}}],"line":24}},"s":{"0":1,"1":1,"2":1,"3":12},"f":{"0":1,"1":12},"b":{"0":[1,0],"1":[0,1]},"_coverageSchema":"1a1c01bbd47fc00a2c39e90264f33305004495a9","hash":"297f833a8b4bc637503329ef9b31903841fa5331"}
,"D:\\sarina\\goldtag\\src\\components\\detailpage\\Attributes\\texts\\propertyTexts.jsx": {"path":"D:\\sarina\\goldtag\\src\\components\\detailpage\\Attributes\\texts\\propertyTexts.jsx","statementMap":{"0":{"start":{"line":1,"column":22},"end":{"line":3,"column":1}}},"fnMap":{},"branchMap":{},"s":{"0":2},"f":{},"b":{},"_coverageSchema":"1a1c01bbd47fc00a2c39e90264f33305004495a9","hash":"76b97f1c656e5225252b34aee13d5bbd82089069"}
,"D:\\sarina\\goldtag\\src\\components\\detailpage\\allDetails\\detail.jsx": {"path":"D:\\sarina\\goldtag\\src\\components\\detailpage\\allDetails\\detail.jsx","statementMap":{"0":{"start":{"line":10,"column":15},"end":{"line":10,"column":19}},"1":{"start":{"line":11,"column":15},"end":{"line":11,"column":26}},"2":{"start":{"line":12,"column":4},"end":{"line":23,"column":5}}},"fnMap":{"0":{"name":"Detail","decl":{"start":{"line":9,"column":9},"end":{"line":9,"column":15}},"loc":{"start":{"line":9,"column":17},"end":{"line":24,"column":1}},"line":9}},"branchMap":{},"s":{"0":0,"1":0,"2":0},"f":{"0":0},"b":{},"_coverageSchema":"1a1c01bbd47fc00a2c39e90264f33305004495a9","hash":"acb78759a727f39e7278e275f595f6e68318e55c"}
,"D:\\sarina\\goldtag\\src\\components\\detailpage\\comments\\Comment.jsx": {"path":"D:\\sarina\\goldtag\\src\\components\\detailpage\\comments\\Comment.jsx","statementMap":{"0":{"start":{"line":7,"column":21},"end":{"line":7,"column":34}},"1":{"start":{"line":8,"column":4},"end":{"line":31,"column":5}}},"fnMap":{"0":{"name":"Comment","decl":{"start":{"line":6,"column":9},"end":{"line":6,"column":16}},"loc":{"start":{"line":6,"column":82},"end":{"line":32,"column":1}},"line":6}},"branchMap":{"0":{"loc":{"start":{"line":22,"column":17},"end":{"line":25,"column":33}},"type":"cond-expr","locations":[{"start":{"line":22,"column":28},"end":{"line":25,"column":28}},{"start":{"line":25,"column":31},"end":{"line":25,"column":33}}],"line":22}},"s":{"0":1,"1":1},"f":{"0":1},"b":{"0":[0,1]},"_coverageSchema":"1a1c01bbd47fc00a2c39e90264f33305004495a9","hash":"6682e59e96a58bb6f23219fba42e5d56625d90d0"}
,"D:\\sarina\\goldtag\\src\\components\\detailpage\\comments\\Comments.jsx": {"path":"D:\\sarina\\goldtag\\src\\components\\detailpage\\comments\\Comments.jsx","statementMap":{"0":{"start":{"line":7,"column":17},"end":{"line":7,"column":31}},"1":{"start":{"line":8,"column":4},"end":{"line":18,"column":6}},"2":{"start":{"line":11,"column":24},"end":{"line":15,"column":25}}},"fnMap":{"0":{"name":"Comments","decl":{"start":{"line":6,"column":9},"end":{"line":6,"column":17}},"loc":{"start":{"line":6,"column":26},"end":{"line":20,"column":1}},"line":6},"1":{"name":"(anonymous_1)","decl":{"start":{"line":10,"column":30},"end":{"line":10,"column":31}},"loc":{"start":{"line":10,"column":44},"end":{"line":16,"column":21}},"line":10}},"branchMap":{},"s":{"0":1,"1":1,"2":2},"f":{"0":1,"1":2},"b":{},"_coverageSchema":"1a1c01bbd47fc00a2c39e90264f33305004495a9","hash":"ffd94a175fe742286ef9d74a401f78eba6cc8c90"}
,"D:\\sarina\\goldtag\\src\\components\\detailpage\\comments\\CommentsContainer.jsx": {"path":"D:\\sarina\\goldtag\\src\\components\\detailpage\\comments\\CommentsContainer.jsx","statementMap":{"0":{"start":{"line":10,"column":21},"end":{"line":10,"column":34}},"1":{"start":{"line":12,"column":8},"end":{"line":14,"column":10}},"2":{"start":{"line":18,"column":8},"end":{"line":18,"column":26}},"3":{"start":{"line":19,"column":8},"end":{"line":19,"column":40}},"4":{"start":{"line":22,"column":8},"end":{"line":22,"column":39}},"5":{"start":{"line":23,"column":8},"end":{"line":23,"column":17}},"6":{"start":{"line":26,"column":8},"end":{"line":26,"column":37}},"7":{"start":{"line":27,"column":8},"end":{"line":27,"column":17}},"8":{"start":{"line":29,"column":16},"end":{"line":29,"column":56}},"9":{"start":{"line":29,"column":37},"end":{"line":29,"column":55}},"10":{"start":{"line":30,"column":4},"end":{"line":42,"column":5}}},"fnMap":{"0":{"name":"CommentsContainer","decl":{"start":{"line":9,"column":9},"end":{"line":9,"column":26}},"loc":{"start":{"line":9,"column":32},"end":{"line":43,"column":1}},"line":9},"1":{"name":"Dispatch","decl":{"start":{"line":11,"column":13},"end":{"line":11,"column":21}},"loc":{"start":{"line":11,"column":29},"end":{"line":15,"column":5}},"line":11},"2":{"name":"style","decl":{"start":{"line":17,"column":13},"end":{"line":17,"column":18}},"loc":{"start":{"line":17,"column":21},"end":{"line":20,"column":5}},"line":17},"3":{"name":"showComments","decl":{"start":{"line":21,"column":13},"end":{"line":21,"column":25}},"loc":{"start":{"line":21,"column":28},"end":{"line":24,"column":5}},"line":21},"4":{"name":"showRating","decl":{"start":{"line":25,"column":13},"end":{"line":25,"column":23}},"loc":{"start":{"line":25,"column":26},"end":{"line":28,"column":5}},"line":25},"5":{"name":"(anonymous_5)","decl":{"start":{"line":29,"column":28},"end":{"line":29,"column":29}},"loc":{"start":{"line":29,"column":37},"end":{"line":29,"column":55}},"line":29}},"branchMap":{"0":{"loc":{"start":{"line":32,"column":34},"end":{"line":32,"column":75}},"type":"cond-expr","locations":[{"start":{"line":32,"column":42},"end":{"line":32,"column":56}},{"start":{"line":32,"column":59},"end":{"line":32,"column":75}}],"line":32},"1":{"loc":{"start":{"line":35,"column":34},"end":{"line":35,"column":75}},"type":"cond-expr","locations":[{"start":{"line":35,"column":42},"end":{"line":35,"column":58}},{"start":{"line":35,"column":61},"end":{"line":35,"column":75}}],"line":35},"2":{"loc":{"start":{"line":39,"column":13},"end":{"line":39,"column":49}},"type":"cond-expr","locations":[{"start":{"line":39,"column":22},"end":{"line":39,"column":44}},{"start":{"line":39,"column":47},"end":{"line":39,"column":49}}],"line":39}},"s":{"0":0,"1":0,"2":0,"3":0,"4":0,"5":0,"6":0,"7":0,"8":0,"9":0,"10":0},"f":{"0":0,"1":0,"2":0,"3":0,"4":0,"5":0},"b":{"0":[0,0],"1":[0,0],"2":[0,0]},"_coverageSchema":"1a1c01bbd47fc00a2c39e90264f33305004495a9","hash":"5e2b651fa0155049a9e9f5611ef2ec42f940bfba"}
,"D:\\sarina\\goldtag\\src\\components\\detailpage\\comments\\Rating.jsx": {"path":"D:\\sarina\\goldtag\\src\\components\\detailpage\\comments\\Rating.jsx","statementMap":{"0":{"start":{"line":4,"column":4},"end":{"line":11,"column":5}}},"fnMap":{"0":{"name":"Rating","decl":{"start":{"line":3,"column":9},"end":{"line":3,"column":15}},"loc":{"start":{"line":3,"column":17},"end":{"line":12,"column":1}},"line":3}},"branchMap":{},"s":{"0":1},"f":{"0":1},"b":{},"_coverageSchema":"1a1c01bbd47fc00a2c39e90264f33305004495a9","hash":"4780be6e05a993d4de8a712805d8286acd8c193f"}
,"D:\\sarina\\goldtag\\src\\components\\detailpage\\comments\\likes\\LikeAndDislike.jsx": {"path":"D:\\sarina\\goldtag\\src\\components\\detailpage\\comments\\likes\\LikeAndDislike.jsx","statementMap":{"0":{"start":{"line":9,"column":21},"end":{"line":9,"column":34}},"1":{"start":{"line":10,"column":16},"end":{"line":10,"column":57}},"2":{"start":{"line":10,"column":39},"end":{"line":10,"column":56}},"3":{"start":{"line":12,"column":19},"end":{"line":12,"column":69}},"4":{"start":{"line":12,"column":51},"end":{"line":12,"column":67}},"5":{"start":{"line":14,"column":8},"end":{"line":17,"column":10}},"6":{"start":{"line":20,"column":8},"end":{"line":20,"column":57}},"7":{"start":{"line":20,"column":39},"end":{"line":20,"column":55}},"8":{"start":{"line":21,"column":8},"end":{"line":25,"column":9}},"9":{"start":{"line":26,"column":8},"end":{"line":26,"column":39}},"10":{"start":{"line":28,"column":20},"end":{"line":36,"column":6}},"11":{"start":{"line":37,"column":4},"end":{"line":52,"column":5}},"12":{"start":{"line":41,"column":20},"end":{"line":48,"column":21}},"13":{"start":{"line":43,"column":28},"end":{"line":43,"column":49}}},"fnMap":{"0":{"name":"LikeAndDislike","decl":{"start":{"line":8,"column":9},"end":{"line":8,"column":23}},"loc":{"start":{"line":8,"column":36},"end":{"line":53,"column":1}},"line":8},"1":{"name":"(anonymous_1)","decl":{"start":{"line":10,"column":28},"end":{"line":10,"column":29}},"loc":{"start":{"line":10,"column":39},"end":{"line":10,"column":56}},"line":10},"2":{"name":"(anonymous_2)","decl":{"start":{"line":12,"column":39},"end":{"line":12,"column":40}},"loc":{"start":{"line":12,"column":51},"end":{"line":12,"column":67}},"line":12},"3":{"name":"Dispatch","decl":{"start":{"line":13,"column":13},"end":{"line":13,"column":21}},"loc":{"start":{"line":13,"column":42},"end":{"line":18,"column":5}},"line":13},"4":{"name":"add","decl":{"start":{"line":19,"column":13},"end":{"line":19,"column":16}},"loc":{"start":{"line":19,"column":29},"end":{"line":27,"column":5}},"line":19},"5":{"name":"(anonymous_5)","decl":{"start":{"line":20,"column":27},"end":{"line":20,"column":28}},"loc":{"start":{"line":20,"column":39},"end":{"line":20,"column":55}},"line":20},"6":{"name":"(anonymous_6)","decl":{"start":{"line":40,"column":28},"end":{"line":40,"column":29}},"loc":{"start":{"line":40,"column":42},"end":{"line":49,"column":17}},"line":40},"7":{"name":"(anonymous_7)","decl":{"start":{"line":42,"column":77},"end":{"line":42,"column":78}},"loc":{"start":{"line":42,"column":83},"end":{"line":44,"column":25}},"line":42}},"branchMap":{"0":{"loc":{"start":{"line":31,"column":14},"end":{"line":31,"column":32}},"type":"binary-expr","locations":[{"start":{"line":31,"column":14},"end":{"line":31,"column":18}},{"start":{"line":31,"column":23},"end":{"line":31,"column":32}}],"line":31},"1":{"loc":{"start":{"line":35,"column":14},"end":{"line":35,"column":35}},"type":"binary-expr","locations":[{"start":{"line":35,"column":14},"end":{"line":35,"column":18}},{"start":{"line":35,"column":23},"end":{"line":35,"column":35}}],"line":35}},"s":{"0":0,"1":0,"2":0,"3":0,"4":0,"5":0,"6":0,"7":0,"8":0,"9":0,"10":0,"11":0,"12":0,"13":0},"f":{"0":0,"1":0,"2":0,"3":0,"4":0,"5":0,"6":0,"7":0},"b":{"0":[0,0],"1":[0,0]},"_coverageSchema":"1a1c01bbd47fc00a2c39e90264f33305004495a9","hash":"73101259e704c0755460e5e651142d99867d817e"}
,"D:\\sarina\\goldtag\\src\\components\\detailpage\\comments\\texts\\commentTexts.jsx": {"path":"D:\\sarina\\goldtag\\src\\components\\detailpage\\comments\\texts\\commentTexts.jsx","statementMap":{"0":{"start":{"line":1,"column":21},"end":{"line":7,"column":1}}},"fnMap":{},"branchMap":{},"s":{"0":8},"f":{},"b":{},"_coverageSchema":"1a1c01bbd47fc00a2c39e90264f33305004495a9","hash":"4e68d6f2c757f7416db660258dd4035181039a05"}
,"D:\\sarina\\goldtag\\src\\components\\detailpage\\mainSection\\mainSection.jsx": {"path":"D:\\sarina\\goldtag\\src\\components\\detailpage\\mainSection\\mainSection.jsx","statementMap":{"0":{"start":{"line":10,"column":21},"end":{"line":10,"column":34}},"1":{"start":{"line":11,"column":4},"end":{"line":21,"column":5}}},"fnMap":{"0":{"name":"MainSection","decl":{"start":{"line":9,"column":9},"end":{"line":9,"column":20}},"loc":{"start":{"line":9,"column":26},"end":{"line":22,"column":1}},"line":9}},"branchMap":{"0":{"loc":{"start":{"line":15,"column":17},"end":{"line":19,"column":57}},"type":"cond-expr","locations":[{"start":{"line":15,"column":29},"end":{"line":19,"column":52}},{"start":{"line":19,"column":55},"end":{"line":19,"column":57}}],"line":15},"1":{"loc":{"start":{"line":17,"column":24},"end":{"line":17,"column":140}},"type":"cond-expr","locations":[{"start":{"line":17,"column":37},"end":{"line":17,"column":135}},{"start":{"line":17,"column":138},"end":{"line":17,"column":140}}],"line":17}},"s":{"0":1,"1":1},"f":{"0":1},"b":{"0":[1,0],"1":[1,0]},"_coverageSchema":"1a1c01bbd47fc00a2c39e90264f33305004495a9","hash":"9604a7444f7adf68082f52571a38cb216bcee93e"}
,"D:\\sarina\\goldtag\\src\\components\\detailpage\\mainSection\\address\\Address.jsx": {"path":"D:\\sarina\\goldtag\\src\\components\\detailpage\\mainSection\\address\\Address.jsx","statementMap":{"0":{"start":{"line":7,"column":21},"end":{"line":7,"column":34}},"1":{"start":{"line":8,"column":4},"end":{"line":17,"column":5}}},"fnMap":{"0":{"name":"Address","decl":{"start":{"line":6,"column":9},"end":{"line":6,"column":16}},"loc":{"start":{"line":6,"column":22},"end":{"line":18,"column":1}},"line":6}},"branchMap":{"0":{"loc":{"start":{"line":10,"column":13},"end":{"line":15,"column":37}},"type":"cond-expr","locations":[{"start":{"line":10,"column":24},"end":{"line":15,"column":32}},{"start":{"line":15,"column":35},"end":{"line":15,"column":37}}],"line":10}},"s":{"0":1,"1":1},"f":{"0":1},"b":{"0":[1,0]},"_coverageSchema":"1a1c01bbd47fc00a2c39e90264f33305004495a9","hash":"d18c9cad9b2ca488af324a9eb707cbc5d114b5bb"}
,"D:\\sarina\\goldtag\\src\\components\\detailpage\\mainSection\\description\\MainDescription.jsx": {"path":"D:\\sarina\\goldtag\\src\\components\\detailpage\\mainSection\\description\\MainDescription.jsx","statementMap":{"0":{"start":{"line":7,"column":4},"end":{"line":13,"column":5}}},"fnMap":{"0":{"name":"MainDescription","decl":{"start":{"line":6,"column":9},"end":{"line":6,"column":24}},"loc":{"start":{"line":6,"column":30},"end":{"line":14,"column":1}},"line":6}},"branchMap":{},"s":{"0":1},"f":{"0":1},"b":{},"_coverageSchema":"1a1c01bbd47fc00a2c39e90264f33305004495a9","hash":"38d4b6e7f98da21d10a1caa487cbc9c307b0f4a9"}
,"D:\\sarina\\goldtag\\src\\components\\detailpage\\mainSection\\swiper\\Swiper.jsx": {"path":"D:\\sarina\\goldtag\\src\\components\\detailpage\\mainSection\\swiper\\Swiper.jsx","statementMap":{"0":{"start":{"line":7,"column":4},"end":{"line":7,"column":33}},"1":{"start":{"line":8,"column":4},"end":{"line":20,"column":5}},"2":{"start":{"line":12,"column":20},"end":{"line":16,"column":21}}},"fnMap":{"0":{"name":"MainSwiper","decl":{"start":{"line":6,"column":9},"end":{"line":6,"column":19}},"loc":{"start":{"line":6,"column":33},"end":{"line":21,"column":1}},"line":6},"1":{"name":"(anonymous_1)","decl":{"start":{"line":11,"column":31},"end":{"line":11,"column":32}},"loc":{"start":{"line":11,"column":39},"end":{"line":17,"column":17}},"line":11}},"branchMap":{},"s":{"0":1,"1":1,"2":2},"f":{"0":1,"1":2},"b":{},"_coverageSchema":"1a1c01bbd47fc00a2c39e90264f33305004495a9","hash":"f23745278e48b8367346b5a29fd59dd061cfb13c"}
,"D:\\sarina\\goldtag\\src\\components\\detailpage\\mainSection\\texts\\mainSectionTexts.jsx": {"path":"D:\\sarina\\goldtag\\src\\components\\detailpage\\mainSection\\texts\\mainSectionTexts.jsx","statementMap":{"0":{"start":{"line":1,"column":25},"end":{"line":3,"column":1}}},"fnMap":{},"branchMap":{},"s":{"0":3},"f":{},"b":{},"_coverageSchema":"1a1c01bbd47fc00a2c39e90264f33305004495a9","hash":"242c81daa4671ff0df2e4106d7af582cc024ad76"}
,"D:\\sarina\\goldtag\\src\\components\\detailpage\\properties\\property.jsx": {"path":"D:\\sarina\\goldtag\\src\\components\\detailpage\\properties\\property.jsx","statementMap":{"0":{"start":{"line":8,"column":21},"end":{"line":8,"column":34}},"1":{"start":{"line":9,"column":21},"end":{"line":9,"column":34}},"2":{"start":{"line":10,"column":4},"end":{"line":25,"column":5}},"3":{"start":{"line":17,"column":24},"end":{"line":19,"column":25}}},"fnMap":{"0":{"name":"Property","decl":{"start":{"line":7,"column":9},"end":{"line":7,"column":17}},"loc":{"start":{"line":7,"column":25},"end":{"line":26,"column":1}},"line":7},"1":{"name":"(anonymous_1)","decl":{"start":{"line":16,"column":35},"end":{"line":16,"column":36}},"loc":{"start":{"line":16,"column":49},"end":{"line":20,"column":21}},"line":16}},"branchMap":{"0":{"loc":{"start":{"line":13,"column":17},"end":{"line":13,"column":44}},"type":"cond-expr","locations":[{"start":{"line":13,"column":29},"end":{"line":13,"column":39}},{"start":{"line":13,"column":42},"end":{"line":13,"column":44}}],"line":13},"1":{"loc":{"start":{"line":23,"column":13},"end":{"line":23,"column":39}},"type":"cond-expr","locations":[{"start":{"line":23,"column":24},"end":{"line":23,"column":34}},{"start":{"line":23,"column":37},"end":{"line":23,"column":39}}],"line":23}},"s":{"0":1,"1":1,"2":1,"3":2},"f":{"0":1,"1":2},"b":{"0":[1,0],"1":[0,1]},"_coverageSchema":"1a1c01bbd47fc00a2c39e90264f33305004495a9","hash":"6caf60a785ba42c53f192d5daddae24b00a9f261"}
,"D:\\sarina\\goldtag\\src\\components\\detailpage\\properties\\texts\\propertyTexts.jsx": {"path":"D:\\sarina\\goldtag\\src\\components\\detailpage\\properties\\texts\\propertyTexts.jsx","statementMap":{"0":{"start":{"line":1,"column":22},"end":{"line":3,"column":1}}},"fnMap":{},"branchMap":{},"s":{"0":2},"f":{},"b":{},"_coverageSchema":"1a1c01bbd47fc00a2c39e90264f33305004495a9","hash":"5f4c48f8f0810d379e0f8818336499c8ac852b3b"}
,"D:\\sarina\\goldtag\\src\\components\\detailpage\\sideSection\\sideSection.jsx": {"path":"D:\\sarina\\goldtag\\src\\components\\detailpage\\sideSection\\sideSection.jsx","statementMap":{"0":{"start":{"line":10,"column":4},"end":{"line":17,"column":5}}},"fnMap":{"0":{"name":"SideSection","decl":{"start":{"line":9,"column":9},"end":{"line":9,"column":20}},"loc":{"start":{"line":9,"column":61},"end":{"line":18,"column":1}},"line":9}},"branchMap":{},"s":{"0":1},"f":{"0":1},"b":{},"_coverageSchema":"1a1c01bbd47fc00a2c39e90264f33305004495a9","hash":"438374e2fa964b7f7d63aa8b04039102a8f6518d"}
,"D:\\sarina\\goldtag\\src\\components\\detailpage\\sideSection\\Data\\sideSectionData.jsx": {"path":"D:\\sarina\\goldtag\\src\\components\\detailpage\\sideSection\\Data\\sideSectionData.jsx","statementMap":{"0":{"start":{"line":1,"column":24},"end":{"line":51,"column":1}}},"fnMap":{},"branchMap":{},"s":{"0":2},"f":{},"b":{},"_coverageSchema":"1a1c01bbd47fc00a2c39e90264f33305004495a9","hash":"75e3d64e8624e64a77ef7bd4bd142e2c77a5e129"}
,"D:\\sarina\\goldtag\\src\\components\\detailpage\\sideSection\\address\\address.jsx": {"path":"D:\\sarina\\goldtag\\src\\components\\detailpage\\sideSection\\address\\address.jsx","statementMap":{"0":{"start":{"line":8,"column":21},"end":{"line":8,"column":34}},"1":{"start":{"line":9,"column":4},"end":{"line":23,"column":5}}},"fnMap":{"0":{"name":"SideAddress","decl":{"start":{"line":7,"column":9},"end":{"line":7,"column":20}},"loc":{"start":{"line":7,"column":37},"end":{"line":24,"column":1}},"line":7}},"branchMap":{"0":{"loc":{"start":{"line":19,"column":17},"end":{"line":19,"column":67}},"type":"cond-expr","locations":[{"start":{"line":19,"column":28},"end":{"line":19,"column":62}},{"start":{"line":19,"column":65},"end":{"line":19,"column":67}}],"line":19}},"s":{"0":1,"1":1},"f":{"0":1},"b":{"0":[0,1]},"_coverageSchema":"1a1c01bbd47fc00a2c39e90264f33305004495a9","hash":"eca30e475478533fb35056ece07aeb905d3dce30"}
,"D:\\sarina\\goldtag\\src\\components\\detailpage\\sideSection\\conditions\\Conditions.js": {"path":"D:\\sarina\\goldtag\\src\\components\\detailpage\\sideSection\\conditions\\Conditions.js","statementMap":{"0":{"start":{"line":9,"column":21},"end":{"line":9,"column":34}},"1":{"start":{"line":10,"column":4},"end":{"line":24,"column":5}},"2":{"start":{"line":17,"column":24},"end":{"line":19,"column":25}}},"fnMap":{"0":{"name":"Conditions","decl":{"start":{"line":8,"column":9},"end":{"line":8,"column":19}},"loc":{"start":{"line":8,"column":25},"end":{"line":25,"column":1}},"line":8},"1":{"name":"(anonymous_1)","decl":{"start":{"line":16,"column":33},"end":{"line":16,"column":34}},"loc":{"start":{"line":16,"column":41},"end":{"line":20,"column":21}},"line":16}},"branchMap":{"0":{"loc":{"start":{"line":13,"column":17},"end":{"line":13,"column":56}},"type":"cond-expr","locations":[{"start":{"line":13,"column":29},"end":{"line":13,"column":52}},{"start":{"line":13,"column":54},"end":{"line":13,"column":56}}],"line":13}},"s":{"0":1,"1":1,"2":2},"f":{"0":1,"1":2},"b":{"0":[1,0]},"_coverageSchema":"1a1c01bbd47fc00a2c39e90264f33305004495a9","hash":"7e76d01ddac3e2dc2ccef5ea05172e4e7092c5b3"}
,"D:\\sarina\\goldtag\\src\\components\\detailpage\\sideSection\\description\\sideSectionDescription.jsx": {"path":"D:\\sarina\\goldtag\\src\\components\\detailpage\\sideSection\\description\\sideSectionDescription.jsx","statementMap":{"0":{"start":{"line":7,"column":21},"end":{"line":7,"column":34}},"1":{"start":{"line":8,"column":4},"end":{"line":20,"column":5}}},"fnMap":{"0":{"name":"SideSectionDescription","decl":{"start":{"line":6,"column":9},"end":{"line":6,"column":31}},"loc":{"start":{"line":6,"column":56},"end":{"line":21,"column":1}},"line":6}},"branchMap":{"0":{"loc":{"start":{"line":10,"column":13},"end":{"line":18,"column":47}},"type":"cond-expr","locations":[{"start":{"line":10,"column":24},"end":{"line":18,"column":42}},{"start":{"line":18,"column":45},"end":{"line":18,"column":47}}],"line":10},"1":{"loc":{"start":{"line":16,"column":20},"end":{"line":16,"column":133}},"type":"cond-expr","locations":[{"start":{"line":16,"column":30},"end":{"line":16,"column":128}},{"start":{"line":16,"column":131},"end":{"line":16,"column":133}}],"line":16}},"s":{"0":1,"1":1},"f":{"0":1},"b":{"0":[0,1],"1":[0,0]},"_coverageSchema":"1a1c01bbd47fc00a2c39e90264f33305004495a9","hash":"ce94ba3d4c8e20ce368281af55bc3f9da21bda29"}
,"D:\\sarina\\goldtag\\src\\components\\detailpage\\sideSection\\tags\\tags.jsx": {"path":"D:\\sarina\\goldtag\\src\\components\\detailpage\\sideSection\\tags\\tags.jsx","statementMap":{"0":{"start":{"line":5,"column":4},"end":{"line":13,"column":5}},"1":{"start":{"line":8,"column":16},"end":{"line":10,"column":17}}},"fnMap":{"0":{"name":"Tags","decl":{"start":{"line":4,"column":9},"end":{"line":4,"column":13}},"loc":{"start":{"line":4,"column":19},"end":{"line":14,"column":1}},"line":4},"1":{"name":"(anonymous_1)","decl":{"start":{"line":7,"column":19},"end":{"line":7,"column":20}},"loc":{"start":{"line":7,"column":27},"end":{"line":10,"column":18}},"line":7}},"branchMap":{},"s":{"0":2,"1":4},"f":{"0":2,"1":4},"b":{},"_coverageSchema":"1a1c01bbd47fc00a2c39e90264f33305004495a9","hash":"36627dd5943cba614f068f654b47860eead127f4"}
,"D:\\sarina\\goldtag\\src\\components\\detailpage\\sideSection\\texts\\texts.jsx": {"path":"D:\\sarina\\goldtag\\src\\components\\detailpage\\sideSection\\texts\\texts.jsx","statementMap":{"0":{"start":{"line":1,"column":14},"end":{"line":51,"column":1}}},"fnMap":{},"branchMap":{},"s":{"0":1},"f":{},"b":{},"_coverageSchema":"1a1c01bbd47fc00a2c39e90264f33305004495a9","hash":"857f02f69a69c4791638b24b9a1c0305b12bc7d4"}
,"D:\\sarina\\goldtag\\src\\components\\detailpage\\titleSection\\titleSection.jsx": {"path":"D:\\sarina\\goldtag\\src\\components\\detailpage\\titleSection\\titleSection.jsx","statementMap":{"0":{"start":{"line":16,"column":4},"end":{"line":25,"column":5}}},"fnMap":{"0":{"name":"TitleSection","decl":{"start":{"line":15,"column":9},"end":{"line":15,"column":21}},"loc":{"start":{"line":15,"column":32},"end":{"line":26,"column":1}},"line":15}},"branchMap":{},"s":{"0":1},"f":{"0":1},"b":{},"_coverageSchema":"1a1c01bbd47fc00a2c39e90264f33305004495a9","hash":"6acd3118a3516ad6b5afbb856a5e24d18e9492b2"}
,"D:\\sarina\\goldtag\\src\\components\\detailpage\\titleSection\\Data\\titleSectionData.jsx": {"path":"D:\\sarina\\goldtag\\src\\components\\detailpage\\titleSection\\Data\\titleSectionData.jsx","statementMap":{"0":{"start":{"line":1,"column":25},"end":{"line":29,"column":1}}},"fnMap":{},"branchMap":{},"s":{"0":3},"f":{},"b":{},"_coverageSchema":"1a1c01bbd47fc00a2c39e90264f33305004495a9","hash":"c3b9f8a7d0931ca591049f50a3911759b4c975e8"}
,"D:\\sarina\\goldtag\\src\\components\\detailpage\\titleSection\\buttons\\Buttons.jsx": {"path":"D:\\sarina\\goldtag\\src\\components\\detailpage\\titleSection\\buttons\\Buttons.jsx","statementMap":{"0":{"start":{"line":5,"column":4},"end":{"line":22,"column":5}}},"fnMap":{"0":{"name":"Buttons","decl":{"start":{"line":4,"column":9},"end":{"line":4,"column":16}},"loc":{"start":{"line":4,"column":42},"end":{"line":23,"column":1}},"line":4}},"branchMap":{},"s":{"0":1},"f":{"0":1},"b":{},"_coverageSchema":"1a1c01bbd47fc00a2c39e90264f33305004495a9","hash":"bce0465091a6ac1521482893a38ef847072c3c20"}
,"D:\\sarina\\goldtag\\src\\components\\detailpage\\titleSection\\purchaseButton\\PurchaseButton.jsx": {"path":"D:\\sarina\\goldtag\\src\\components\\detailpage\\titleSection\\purchaseButton\\PurchaseButton.jsx","statementMap":{"0":{"start":{"line":6,"column":26},"end":{"line":6,"column":75}},"1":{"start":{"line":7,"column":4},"end":{"line":26,"column":5}},"2":{"start":{"line":14,"column":27},"end":{"line":14,"column":58}},"3":{"start":{"line":22,"column":24},"end":{"line":22,"column":55}}},"fnMap":{"0":{"name":"PurchaseButton","decl":{"start":{"line":5,"column":9},"end":{"line":5,"column":23}},"loc":{"start":{"line":5,"column":36},"end":{"line":27,"column":1}},"line":5},"1":{"name":"(anonymous_1)","decl":{"start":{"line":13,"column":74},"end":{"line":13,"column":75}},"loc":{"start":{"line":14,"column":27},"end":{"line":14,"column":58}},"line":14},"2":{"name":"(anonymous_2)","decl":{"start":{"line":21,"column":99},"end":{"line":21,"column":100}},"loc":{"start":{"line":22,"column":24},"end":{"line":22,"column":55}},"line":22}},"branchMap":{},"s":{"0":1,"1":1,"2":0,"3":0},"f":{"0":1,"1":0,"2":0},"b":{},"_coverageSchema":"1a1c01bbd47fc00a2c39e90264f33305004495a9","hash":"0137412a27316d9dce6c507c51a668dc34132d97"}
,"D:\\sarina\\goldtag\\src\\components\\detailpage\\titleSection\\sharingContainer\\sharing.jsx": {"path":"D:\\sarina\\goldtag\\src\\components\\detailpage\\titleSection\\sharingContainer\\sharing.jsx","statementMap":{"0":{"start":{"line":6,"column":21},"end":{"line":6,"column":34}},"1":{"start":{"line":7,"column":18},"end":{"line":7,"column":25}},"2":{"start":{"line":8,"column":4},"end":{"line":21,"column":5}},"3":{"start":{"line":14,"column":24},"end":{"line":16,"column":25}}},"fnMap":{"0":{"name":"SharingContainer","decl":{"start":{"line":5,"column":9},"end":{"line":5,"column":25}},"loc":{"start":{"line":5,"column":45},"end":{"line":22,"column":1}},"line":5},"1":{"name":"(anonymous_1)","decl":{"start":{"line":13,"column":31},"end":{"line":13,"column":32}},"loc":{"start":{"line":13,"column":45},"end":{"line":17,"column":21}},"line":13}},"branchMap":{"0":{"loc":{"start":{"line":10,"column":13},"end":{"line":19,"column":23}},"type":"cond-expr","locations":[{"start":{"line":10,"column":24},"end":{"line":19,"column":18}},{"start":{"line":19,"column":21},"end":{"line":19,"column":23}}],"line":10}},"s":{"0":1,"1":1,"2":1,"3":0},"f":{"0":1,"1":0},"b":{"0":[0,1]},"_coverageSchema":"1a1c01bbd47fc00a2c39e90264f33305004495a9","hash":"3d694a55d31258ba5a5d490d666cc378aadc00b0"}
,"D:\\sarina\\goldtag\\src\\components\\detailpage\\titleSection\\texts\\texts.jsx": {"path":"D:\\sarina\\goldtag\\src\\components\\detailpage\\titleSection\\texts\\texts.jsx","statementMap":{"0":{"start":{"line":1,"column":14},"end":{"line":29,"column":1}}},"fnMap":{},"branchMap":{},"s":{"0":1},"f":{},"b":{},"_coverageSchema":"1a1c01bbd47fc00a2c39e90264f33305004495a9","hash":"3c697671b786cbb1b6eec5a735047e982ffb0753"}
,"D:\\sarina\\goldtag\\src\\components\\detailpage\\titleSection\\titleSectionFeatures\\titleSectionFeatures.jsx": {"path":"D:\\sarina\\goldtag\\src\\components\\detailpage\\titleSection\\titleSectionFeatures\\titleSectionFeatures.jsx","statementMap":{"0":{"start":{"line":5,"column":4},"end":{"line":18,"column":5}},"1":{"start":{"line":8,"column":16},"end":{"line":15,"column":17}}},"fnMap":{"0":{"name":"TitleSectionFeatures","decl":{"start":{"line":4,"column":9},"end":{"line":4,"column":29}},"loc":{"start":{"line":4,"column":35},"end":{"line":19,"column":1}},"line":4},"1":{"name":"(anonymous_1)","decl":{"start":{"line":7,"column":26},"end":{"line":7,"column":27}},"loc":{"start":{"line":7,"column":34},"end":{"line":16,"column":13}},"line":7}},"branchMap":{},"s":{"0":1,"1":2},"f":{"0":1,"1":2},"b":{},"_coverageSchema":"1a1c01bbd47fc00a2c39e90264f33305004495a9","hash":"1c742fbde6b3d2a9cc7947583d4b79873ce3b321"}
,"D:\\sarina\\goldtag\\src\\components\\detailpage\\titleSection\\titleSharing\\TitleSharing.jsx": {"path":"D:\\sarina\\goldtag\\src\\components\\detailpage\\titleSection\\titleSharing\\TitleSharing.jsx","statementMap":{"0":{"start":{"line":7,"column":21},"end":{"line":7,"column":34}},"1":{"start":{"line":8,"column":24},"end":{"line":8,"column":31}},"2":{"start":{"line":9,"column":4},"end":{"line":24,"column":5}},"3":{"start":{"line":16,"column":28},"end":{"line":18,"column":29}}},"fnMap":{"0":{"name":"TitleSharing","decl":{"start":{"line":6,"column":9},"end":{"line":6,"column":21}},"loc":{"start":{"line":6,"column":27},"end":{"line":25,"column":1}},"line":6},"1":{"name":"(anonymous_1)","decl":{"start":{"line":15,"column":40},"end":{"line":15,"column":41}},"loc":{"start":{"line":15,"column":48},"end":{"line":19,"column":25}},"line":15}},"branchMap":{"0":{"loc":{"start":{"line":11,"column":13},"end":{"line":22,"column":23}},"type":"cond-expr","locations":[{"start":{"line":11,"column":24},"end":{"line":22,"column":18}},{"start":{"line":22,"column":21},"end":{"line":22,"column":23}}],"line":11}},"s":{"0":1,"1":1,"2":1,"3":0},"f":{"0":1,"1":0},"b":{"0":[0,1]},"_coverageSchema":"1a1c01bbd47fc00a2c39e90264f33305004495a9","hash":"61c5c5daa9036b956044f7bb051c7b9fdbf7c95d"}
,"D:\\sarina\\goldtag\\src\\components\\detailpage\\titleSection\\titles\\Titles.jsx": {"path":"D:\\sarina\\goldtag\\src\\components\\detailpage\\titleSection\\titles\\Titles.jsx","statementMap":{"0":{"start":{"line":8,"column":21},"end":{"line":8,"column":34}},"1":{"start":{"line":9,"column":18},"end":{"line":9,"column":33}},"2":{"start":{"line":10,"column":4},"end":{"line":28,"column":5}},"3":{"start":{"line":17,"column":24},"end":{"line":19,"column":25}}},"fnMap":{"0":{"name":"Titles","decl":{"start":{"line":7,"column":9},"end":{"line":7,"column":15}},"loc":{"start":{"line":7,"column":36},"end":{"line":29,"column":1}},"line":7},"1":{"name":"(anonymous_1)","decl":{"start":{"line":16,"column":31},"end":{"line":16,"column":32}},"loc":{"start":{"line":16,"column":41},"end":{"line":20,"column":21}},"line":16}},"branchMap":{"0":{"loc":{"start":{"line":23,"column":21},"end":{"line":25,"column":31}},"type":"cond-expr","locations":[{"start":{"line":23,"column":33},"end":{"line":25,"column":26}},{"start":{"line":25,"column":29},"end":{"line":25,"column":31}}],"line":23}},"s":{"0":1,"1":1,"2":1,"3":5},"f":{"0":1,"1":5},"b":{"0":[1,0]},"_coverageSchema":"1a1c01bbd47fc00a2c39e90264f33305004495a9","hash":"def64749bc0d4f2c2168024531c1289167ac9503"}
,"D:\\sarina\\goldtag\\src\\components\\divider\\Divider.jsx": {"path":"D:\\sarina\\goldtag\\src\\components\\divider\\Divider.jsx","statementMap":{"0":{"start":{"line":4,"column":4},"end":{"line":6,"column":5}}},"fnMap":{"0":{"name":"Divider","decl":{"start":{"line":3,"column":9},"end":{"line":3,"column":16}},"loc":{"start":{"line":3,"column":29},"end":{"line":7,"column":1}},"line":3}},"branchMap":{},"s":{"0":1},"f":{"0":1},"b":{},"_coverageSchema":"1a1c01bbd47fc00a2c39e90264f33305004495a9","hash":"df760a507f7785f0d3bb378f24765a87485e3bd6"}
,"D:\\sarina\\goldtag\\src\\components\\features\\features.jsx": {"path":"D:\\sarina\\goldtag\\src\\components\\features\\features.jsx","statementMap":{"0":{"start":{"line":5,"column":4},"end":{"line":21,"column":5}},"1":{"start":{"line":8,"column":16},"end":{"line":18,"column":17}}},"fnMap":{"0":{"name":"Features","decl":{"start":{"line":4,"column":9},"end":{"line":4,"column":17}},"loc":{"start":{"line":4,"column":19},"end":{"line":22,"column":1}},"line":4},"1":{"name":"(anonymous_1)","decl":{"start":{"line":7,"column":30},"end":{"line":7,"column":31}},"loc":{"start":{"line":7,"column":38},"end":{"line":19,"column":13}},"line":7}},"branchMap":{},"s":{"0":1,"1":5},"f":{"0":1,"1":5},"b":{},"_coverageSchema":"1a1c01bbd47fc00a2c39e90264f33305004495a9","hash":"c9383ce68fa2917287fe71887fbb92fd00fcbe4e"}
,"D:\\sarina\\goldtag\\src\\components\\features\\Data\\featuresData.jsx": {"path":"D:\\sarina\\goldtag\\src\\components\\features\\Data\\featuresData.jsx","statementMap":{"0":{"start":{"line":1,"column":21},"end":{"line":27,"column":1}}},"fnMap":{},"branchMap":{},"s":{"0":3},"f":{},"b":{},"_coverageSchema":"1a1c01bbd47fc00a2c39e90264f33305004495a9","hash":"3529b978a554b6dc041f5a0f6723564d4bc599a9"}
,"D:\\sarina\\goldtag\\src\\components\\features\\texts\\texts.jsx": {"path":"D:\\sarina\\goldtag\\src\\components\\features\\texts\\texts.jsx","statementMap":{"0":{"start":{"line":1,"column":14},"end":{"line":27,"column":1}}},"fnMap":{},"branchMap":{},"s":{"0":1},"f":{},"b":{},"_coverageSchema":"1a1c01bbd47fc00a2c39e90264f33305004495a9","hash":"8db3b3dce2c18840464e5ae0db4e85a4db1384f4"}
,"D:\\sarina\\goldtag\\src\\components\\footer\\FooterBottom.jsx": {"path":"D:\\sarina\\goldtag\\src\\components\\footer\\FooterBottom.jsx","statementMap":{"0":{"start":{"line":6,"column":21},"end":{"line":6,"column":34}},"1":{"start":{"line":7,"column":4},"end":{"line":28,"column":5}},"2":{"start":{"line":18,"column":32},"end":{"line":22,"column":33}}},"fnMap":{"0":{"name":"FooterBottom","decl":{"start":{"line":5,"column":9},"end":{"line":5,"column":21}},"loc":{"start":{"line":5,"column":23},"end":{"line":29,"column":1}},"line":5},"1":{"name":"(anonymous_1)","decl":{"start":{"line":17,"column":55},"end":{"line":17,"column":56}},"loc":{"start":{"line":17,"column":63},"end":{"line":23,"column":29}},"line":17}},"branchMap":{"0":{"loc":{"start":{"line":15,"column":21},"end":{"line":25,"column":32}},"type":"cond-expr","locations":[{"start":{"line":15,"column":33},"end":{"line":25,"column":26}},{"start":{"line":25,"column":29},"end":{"line":25,"column":32}}],"line":15}},"s":{"0":1,"1":1,"2":3},"f":{"0":1,"1":3},"b":{"0":[1,0]},"_coverageSchema":"1a1c01bbd47fc00a2c39e90264f33305004495a9","hash":"786954c71a5c29bb128b7c6373ba1911cb8b8bfc"}
,"D:\\sarina\\goldtag\\src\\components\\footer\\footer.jsx": {"path":"D:\\sarina\\goldtag\\src\\components\\footer\\footer.jsx","statementMap":{"0":{"start":{"line":12,"column":21},"end":{"line":12,"column":34}},"1":{"start":{"line":14,"column":4},"end":{"line":81,"column":5}},"2":{"start":{"line":21,"column":28},"end":{"line":23,"column":29}},"3":{"start":{"line":32,"column":36},"end":{"line":35,"column":37}},"4":{"start":{"line":41,"column":36},"end":{"line":46,"column":37}},"5":{"start":{"line":62,"column":40},"end":{"line":65,"column":41}}},"fnMap":{"0":{"name":"Footer","decl":{"start":{"line":11,"column":9},"end":{"line":11,"column":15}},"loc":{"start":{"line":11,"column":18},"end":{"line":82,"column":1}},"line":11},"1":{"name":"(anonymous_1)","decl":{"start":{"line":20,"column":50},"end":{"line":20,"column":51}},"loc":{"start":{"line":20,"column":60},"end":{"line":24,"column":25}},"line":20},"2":{"name":"(anonymous_2)","decl":{"start":{"line":31,"column":59},"end":{"line":31,"column":60}},"loc":{"start":{"line":31,"column":69},"end":{"line":36,"column":33}},"line":31},"3":{"name":"(anonymous_3)","decl":{"start":{"line":40,"column":59},"end":{"line":40,"column":60}},"loc":{"start":{"line":40,"column":69},"end":{"line":47,"column":33}},"line":40},"4":{"name":"(anonymous_4)","decl":{"start":{"line":61,"column":63},"end":{"line":61,"column":64}},"loc":{"start":{"line":61,"column":73},"end":{"line":66,"column":37}},"line":61}},"branchMap":{"0":{"loc":{"start":{"line":28,"column":21},"end":{"line":28,"column":97}},"type":"cond-expr","locations":[{"start":{"line":28,"column":32},"end":{"line":28,"column":61}},{"start":{"line":28,"column":64},"end":{"line":28,"column":97}}],"line":28},"1":{"loc":{"start":{"line":30,"column":29},"end":{"line":37,"column":33}},"type":"cond-expr","locations":[{"start":{"line":31,"column":32},"end":{"line":36,"column":34}},{"start":{"line":37,"column":31},"end":{"line":37,"column":33}}],"line":30},"2":{"loc":{"start":{"line":43,"column":45},"end":{"line":44,"column":108}},"type":"cond-expr","locations":[{"start":{"line":43,"column":56},"end":{"line":44,"column":103}},{"start":{"line":44,"column":106},"end":{"line":44,"column":108}}],"line":43},"3":{"loc":{"start":{"line":58,"column":25},"end":{"line":68,"column":41}},"type":"cond-expr","locations":[{"start":{"line":58,"column":37},"end":{"line":68,"column":36}},{"start":{"line":68,"column":39},"end":{"line":68,"column":41}}],"line":58}},"s":{"0":1,"1":1,"2":6,"3":7,"4":3,"5":3},"f":{"0":1,"1":6,"2":7,"3":3,"4":3},"b":{"0":[0,1],"1":[1,0],"2":[0,3],"3":[1,0]},"_coverageSchema":"1a1c01bbd47fc00a2c39e90264f33305004495a9","hash":"c290b0eda49ecc368cb66d9f8d1e9bc0cb1480f9"}
,"D:\\sarina\\goldtag\\src\\components\\footer\\Data\\footerData.js": {"path":"D:\\sarina\\goldtag\\src\\components\\footer\\Data\\footerData.js","statementMap":{"0":{"start":{"line":2,"column":20},"end":{"line":80,"column":1}}},"fnMap":{},"branchMap":{},"s":{"0":3},"f":{},"b":{},"_coverageSchema":"1a1c01bbd47fc00a2c39e90264f33305004495a9","hash":"c879221d642c93ba4d6d34cbdce76a3dfb78707f"}
,"D:\\sarina\\goldtag\\src\\components\\goldtags\\goldtags.jsx": {"path":"D:\\sarina\\goldtag\\src\\components\\goldtags\\goldtags.jsx","statementMap":{"0":{"start":{"line":10,"column":21},"end":{"line":10,"column":34}},"1":{"start":{"line":11,"column":4},"end":{"line":26,"column":5}},"2":{"start":{"line":18,"column":24},"end":{"line":21,"column":56}}},"fnMap":{"0":{"name":"Goldtags","decl":{"start":{"line":9,"column":9},"end":{"line":9,"column":17}},"loc":{"start":{"line":9,"column":20},"end":{"line":27,"column":1}},"line":9},"1":{"name":"(anonymous_1)","decl":{"start":{"line":17,"column":30},"end":{"line":17,"column":31}},"loc":{"start":{"line":18,"column":24},"end":{"line":21,"column":56}},"line":18}},"branchMap":{"0":{"loc":{"start":{"line":15,"column":21},"end":{"line":15,"column":127}},"type":"cond-expr","locations":[{"start":{"line":15,"column":32},"end":{"line":15,"column":123}},{"start":{"line":15,"column":125},"end":{"line":15,"column":127}}],"line":15}},"s":{"0":1,"1":1,"2":11},"f":{"0":1,"1":11},"b":{"0":[0,1]},"_coverageSchema":"1a1c01bbd47fc00a2c39e90264f33305004495a9","hash":"81e78bb2a3fa6f9adcac0b9d575db6390d41edea"}
,"D:\\sarina\\goldtag\\src\\components\\goldtags\\texts\\goldtagTexts.jsx": {"path":"D:\\sarina\\goldtag\\src\\components\\goldtags\\texts\\goldtagTexts.jsx","statementMap":{"0":{"start":{"line":1,"column":20},"end":{"line":4,"column":1}}},"fnMap":{},"branchMap":{},"s":{"0":4},"f":{},"b":{},"_coverageSchema":"1a1c01bbd47fc00a2c39e90264f33305004495a9","hash":"2a0e023f2a72718c74fe231d2ba80657fe2a83c0"}
,"D:\\sarina\\goldtag\\src\\components\\header\\Header.jsx": {"path":"D:\\sarina\\goldtag\\src\\components\\header\\Header.jsx","statementMap":{"0":{"start":{"line":14,"column":21},"end":{"line":14,"column":34}},"1":{"start":{"line":15,"column":4},"end":{"line":43,"column":6}}},"fnMap":{"0":{"name":"Header","decl":{"start":{"line":13,"column":9},"end":{"line":13,"column":15}},"loc":{"start":{"line":13,"column":18},"end":{"line":44,"column":1}},"line":13}},"branchMap":{"0":{"loc":{"start":{"line":18,"column":17},"end":{"line":39,"column":60}},"type":"cond-expr","locations":[{"start":{"line":18,"column":29},"end":{"line":39,"column":55}},{"start":{"line":39,"column":58},"end":{"line":39,"column":60}}],"line":18},"1":{"loc":{"start":{"line":41,"column":13},"end":{"line":41,"column":48}},"type":"cond-expr","locations":[{"start":{"line":41,"column":24},"end":{"line":41,"column":43}},{"start":{"line":41,"column":46},"end":{"line":41,"column":48}}],"line":41}},"s":{"0":1,"1":1},"f":{"0":1},"b":{"0":[1,0],"1":[0,1]},"_coverageSchema":"1a1c01bbd47fc00a2c39e90264f33305004495a9","hash":"78c6370e6daaaf3b1a3b52c00d14756ccb108185"}
,"D:\\sarina\\goldtag\\src\\components\\header\\ResponsiveHeader.jsx": {"path":"D:\\sarina\\goldtag\\src\\components\\header\\ResponsiveHeader.jsx","statementMap":{"0":{"start":{"line":7,"column":21},"end":{"line":7,"column":34}},"1":{"start":{"line":8,"column":4},"end":{"line":21,"column":5}}},"fnMap":{"0":{"name":"ReponsiveHeader","decl":{"start":{"line":6,"column":9},"end":{"line":6,"column":24}},"loc":{"start":{"line":6,"column":26},"end":{"line":22,"column":1}},"line":6}},"branchMap":{"0":{"loc":{"start":{"line":10,"column":13},"end":{"line":19,"column":23}},"type":"cond-expr","locations":[{"start":{"line":10,"column":24},"end":{"line":19,"column":18}},{"start":{"line":19,"column":21},"end":{"line":19,"column":23}}],"line":10}},"s":{"0":1,"1":1},"f":{"0":1},"b":{"0":[0,1]},"_coverageSchema":"1a1c01bbd47fc00a2c39e90264f33305004495a9","hash":"650eb5195eb7a599c540a01e07639eca9f5ba282"}
,"D:\\sarina\\goldtag\\src\\components\\header\\navbar\\Navbar.jsx": {"path":"D:\\sarina\\goldtag\\src\\components\\header\\navbar\\Navbar.jsx","statementMap":{"0":{"start":{"line":9,"column":4},"end":{"line":28,"column":5}},"1":{"start":{"line":15,"column":20},"end":{"line":21,"column":21}}},"fnMap":{"0":{"name":"Navbar","decl":{"start":{"line":8,"column":9},"end":{"line":8,"column":15}},"loc":{"start":{"line":8,"column":17},"end":{"line":29,"column":1}},"line":8},"1":{"name":"(anonymous_1)","decl":{"start":{"line":14,"column":45},"end":{"line":14,"column":46}},"loc":{"start":{"line":14,"column":53},"end":{"line":22,"column":17}},"line":14}},"branchMap":{},"s":{"0":1,"1":5},"f":{"0":1,"1":5},"b":{},"_coverageSchema":"1a1c01bbd47fc00a2c39e90264f33305004495a9","hash":"57154bede03f7a730e6a55329822c09949198bfb"}
,"D:\\sarina\\goldtag\\src\\components\\header\\navbar\\Data\\navbarData.jsx": {"path":"D:\\sarina\\goldtag\\src\\components\\header\\navbar\\Data\\navbarData.jsx","statementMap":{"0":{"start":{"line":2,"column":19},"end":{"line":92,"column":1}}},"fnMap":{},"branchMap":{},"s":{"0":3},"f":{},"b":{},"_coverageSchema":"1a1c01bbd47fc00a2c39e90264f33305004495a9","hash":"7b136767448d2445071ec724c9161aa5a3c0777e"}
,"D:\\sarina\\goldtag\\src\\components\\header\\navbar\\dropdown\\Dropdown.jsx": {"path":"D:\\sarina\\goldtag\\src\\components\\header\\navbar\\dropdown\\Dropdown.jsx","statementMap":{"0":{"start":{"line":4,"column":4},"end":{"line":27,"column":5}},"1":{"start":{"line":9,"column":28},"end":{"line":11,"column":29}},"2":{"start":{"line":16,"column":28},"end":{"line":18,"column":29}}},"fnMap":{"0":{"name":"DropDown","decl":{"start":{"line":3,"column":9},"end":{"line":3,"column":17}},"loc":{"start":{"line":3,"column":25},"end":{"line":28,"column":1}},"line":3},"1":{"name":"(anonymous_1)","decl":{"start":{"line":8,"column":44},"end":{"line":8,"column":45}},"loc":{"start":{"line":8,"column":52},"end":{"line":12,"column":25}},"line":8},"2":{"name":"(anonymous_2)","decl":{"start":{"line":15,"column":45},"end":{"line":15,"column":46}},"loc":{"start":{"line":15,"column":53},"end":{"line":19,"column":25}},"line":15}},"branchMap":{},"s":{"0":1,"1":2,"2":2},"f":{"0":1,"1":2,"2":2},"b":{},"_coverageSchema":"1a1c01bbd47fc00a2c39e90264f33305004495a9","hash":"8f1cd583b25ca537c7324f388910c3c984d986de"}
,"D:\\sarina\\goldtag\\src\\components\\header\\navbar\\texts\\texts.jsx": {"path":"D:\\sarina\\goldtag\\src\\components\\header\\navbar\\texts\\texts.jsx","statementMap":{"0":{"start":{"line":2,"column":14},"end":{"line":92,"column":1}}},"fnMap":{},"branchMap":{},"s":{"0":1},"f":{},"b":{},"_coverageSchema":"1a1c01bbd47fc00a2c39e90264f33305004495a9","hash":"02b24ef1296abe7f918f79e2f8422f78b4033350"}
,"D:\\sarina\\goldtag\\src\\components\\header\\texts\\headerTexts.jsx": {"path":"D:\\sarina\\goldtag\\src\\components\\header\\texts\\headerTexts.jsx","statementMap":{"0":{"start":{"line":1,"column":20},"end":{"line":6,"column":1}}},"fnMap":{},"branchMap":{},"s":{"0":2},"f":{},"b":{},"_coverageSchema":"1a1c01bbd47fc00a2c39e90264f33305004495a9","hash":"6dddb7db27257fc7c94f0e7017189202b0c467ce"}
,"D:\\sarina\\goldtag\\src\\components\\social\\social.jsx": {"path":"D:\\sarina\\goldtag\\src\\components\\social\\social.jsx","statementMap":{"0":{"start":{"line":6,"column":4},"end":{"line":24,"column":5}},"1":{"start":{"line":10,"column":20},"end":{"line":20,"column":21}}},"fnMap":{"0":{"name":"Social","decl":{"start":{"line":5,"column":9},"end":{"line":5,"column":15}},"loc":{"start":{"line":5,"column":17},"end":{"line":25,"column":1}},"line":5},"1":{"name":"(anonymous_1)","decl":{"start":{"line":9,"column":31},"end":{"line":9,"column":32}},"loc":{"start":{"line":9,"column":39},"end":{"line":21,"column":17}},"line":9}},"branchMap":{},"s":{"0":1,"1":4},"f":{"0":1,"1":4},"b":{},"_coverageSchema":"1a1c01bbd47fc00a2c39e90264f33305004495a9","hash":"50259c05a19bf8836090e56efe2dcf1437dbf8a1"}
,"D:\\sarina\\goldtag\\src\\components\\social\\Data\\socialData.jsx": {"path":"D:\\sarina\\goldtag\\src\\components\\social\\Data\\socialData.jsx","statementMap":{"0":{"start":{"line":2,"column":19},"end":{"line":27,"column":1}}},"fnMap":{},"branchMap":{},"s":{"0":3},"f":{},"b":{},"_coverageSchema":"1a1c01bbd47fc00a2c39e90264f33305004495a9","hash":"aaefa546cf7b53fa1eed6b7885900a4245c8719c"}
,"D:\\sarina\\goldtag\\src\\components\\social\\images\\images.jsx": {"path":"D:\\sarina\\goldtag\\src\\components\\social\\images\\images.jsx","statementMap":{"0":{"start":{"line":5,"column":15},"end":{"line":10,"column":1}}},"fnMap":{},"branchMap":{},"s":{"0":4},"f":{},"b":{},"_coverageSchema":"1a1c01bbd47fc00a2c39e90264f33305004495a9","hash":"093d575c324acbc55f1f6952bdac6a132dc6b90d"}
,"D:\\sarina\\goldtag\\src\\components\\social\\texts\\texts.jsx": {"path":"D:\\sarina\\goldtag\\src\\components\\social\\texts\\texts.jsx","statementMap":{"0":{"start":{"line":2,"column":14},"end":{"line":27,"column":1}}},"fnMap":{},"branchMap":{},"s":{"0":1},"f":{},"b":{},"_coverageSchema":"1a1c01bbd47fc00a2c39e90264f33305004495a9","hash":"03ea1473dc852032c5e6f88bbfd7de5ede6560fc"}
,"D:\\sarina\\goldtag\\src\\components\\swiper\\mainswipper.jsx": {"path":"D:\\sarina\\goldtag\\src\\components\\swiper\\mainswipper.jsx","statementMap":{"0":{"start":{"line":9,"column":4},"end":{"line":11,"column":9}},"1":{"start":{"line":12,"column":4},"end":{"line":27,"column":5}},"2":{"start":{"line":18,"column":24},"end":{"line":22,"column":25}}},"fnMap":{"0":{"name":"MainSwipper","decl":{"start":{"line":8,"column":9},"end":{"line":8,"column":20}},"loc":{"start":{"line":8,"column":23},"end":{"line":28,"column":1}},"line":8},"1":{"name":"(anonymous_1)","decl":{"start":{"line":17,"column":34},"end":{"line":17,"column":35}},"loc":{"start":{"line":17,"column":42},"end":{"line":23,"column":21}},"line":17}},"branchMap":{},"s":{"0":2,"1":2,"2":12},"f":{"0":2,"1":12},"b":{},"_coverageSchema":"1a1c01bbd47fc00a2c39e90264f33305004495a9","hash":"dd1c6f3e3d20483cc220985c5b9ac1037ed6d17a"}
,"D:\\sarina\\goldtag\\src\\components\\swiper\\images\\swiperImg.jsx": {"path":"D:\\sarina\\goldtag\\src\\components\\swiper\\images\\swiperImg.jsx","statementMap":{"0":{"start":{"line":1,"column":18},"end":{"line":8,"column":1}}},"fnMap":{},"branchMap":{},"s":{"0":3},"f":{},"b":{},"_coverageSchema":"1a1c01bbd47fc00a2c39e90264f33305004495a9","hash":"b9e111729ebe2b919946e91c9166756406bff12f"}
,"D:\\sarina\\goldtag\\src\\customIsMobileHook\\useViewPort.jsx": {"path":"D:\\sarina\\goldtag\\src\\customIsMobileHook\\useViewPort.jsx","statementMap":{"0":{"start":{"line":2,"column":20},"end":{"line":12,"column":1}},"1":{"start":{"line":3,"column":30},"end":{"line":3,"column":94}},"2":{"start":{"line":5,"column":4},"end":{"line":9,"column":11}},"3":{"start":{"line":6,"column":35},"end":{"line":6,"column":68}},"4":{"start":{"line":6,"column":41},"end":{"line":6,"column":68}},"5":{"start":{"line":7,"column":8},"end":{"line":7,"column":62}},"6":{"start":{"line":8,"column":8},"end":{"line":8,"column":78}},"7":{"start":{"line":8,"column":21},"end":{"line":8,"column":77}},"8":{"start":{"line":11,"column":4},"end":{"line":11,"column":21}}},"fnMap":{"0":{"name":"(anonymous_0)","decl":{"start":{"line":2,"column":20},"end":{"line":2,"column":21}},"loc":{"start":{"line":2,"column":26},"end":{"line":12,"column":1}},"line":2},"1":{"name":"(anonymous_1)","decl":{"start":{"line":5,"column":20},"end":{"line":5,"column":21}},"loc":{"start":{"line":5,"column":26},"end":{"line":9,"column":5}},"line":5},"2":{"name":"(anonymous_2)","decl":{"start":{"line":6,"column":35},"end":{"line":6,"column":36}},"loc":{"start":{"line":6,"column":41},"end":{"line":6,"column":68}},"line":6},"3":{"name":"(anonymous_3)","decl":{"start":{"line":8,"column":15},"end":{"line":8,"column":16}},"loc":{"start":{"line":8,"column":21},"end":{"line":8,"column":77}},"line":8}},"branchMap":{"0":{"loc":{"start":{"line":3,"column":45},"end":{"line":3,"column":93}},"type":"binary-expr","locations":[{"start":{"line":3,"column":45},"end":{"line":3,"column":72}},{"start":{"line":3,"column":76},"end":{"line":3,"column":93}}],"line":3}},"s":{"0":25,"1":19,"2":19,"3":0,"4":0,"5":0,"6":0,"7":0,"8":19},"f":{"0":19,"1":0,"2":0,"3":0},"b":{"0":[19,19]},"_coverageSchema":"1a1c01bbd47fc00a2c39e90264f33305004495a9","hash":"0875ad7472620b83c2010184209b836ed68afb37"}
,"D:\\sarina\\goldtag\\src\\data\\Data.jsx": {"path":"D:\\sarina\\goldtag\\src\\data\\Data.jsx","statementMap":{"0":{"start":{"line":1,"column":11},"end":{"line":600,"column":1}}},"fnMap":{},"branchMap":{},"s":{"0":1},"f":{},"b":{},"_coverageSchema":"1a1c01bbd47fc00a2c39e90264f33305004495a9","hash":"e4885a8ffac0b75a6e5f7de9c8dd4203aac3c026"}
,"D:\\sarina\\goldtag\\src\\redux\\action\\actions.js": {"path":"D:\\sarina\\goldtag\\src\\redux\\action\\actions.js","statementMap":{"0":{"start":{"line":2,"column":17},"end":{"line":4,"column":2}},"1":{"start":{"line":2,"column":24},"end":{"line":4,"column":1}},"2":{"start":{"line":6,"column":15},"end":{"line":8,"column":2}},"3":{"start":{"line":6,"column":22},"end":{"line":8,"column":1}},"4":{"start":{"line":9,"column":13},"end":{"line":12,"column":2}},"5":{"start":{"line":9,"column":21},"end":{"line":12,"column":1}},"6":{"start":{"line":13,"column":16},"end":{"line":16,"column":2}},"7":{"start":{"line":13,"column":24},"end":{"line":16,"column":1}},"8":{"start":{"line":17,"column":21},"end":{"line":22,"column":1}}},"fnMap":{"0":{"name":"(anonymous_0)","decl":{"start":{"line":2,"column":17},"end":{"line":2,"column":18}},"loc":{"start":{"line":2,"column":24},"end":{"line":4,"column":1}},"line":2},"1":{"name":"(anonymous_1)","decl":{"start":{"line":6,"column":15},"end":{"line":6,"column":16}},"loc":{"start":{"line":6,"column":22},"end":{"line":8,"column":1}},"line":6},"2":{"name":"(anonymous_2)","decl":{"start":{"line":9,"column":13},"end":{"line":9,"column":14}},"loc":{"start":{"line":9,"column":21},"end":{"line":12,"column":1}},"line":9},"3":{"name":"(anonymous_3)","decl":{"start":{"line":13,"column":16},"end":{"line":13,"column":17}},"loc":{"start":{"line":13,"column":24},"end":{"line":16,"column":1}},"line":13}},"branchMap":{},"s":{"0":1,"1":0,"2":1,"3":0,"4":1,"5":0,"6":1,"7":0,"8":1},"f":{"0":0,"1":0,"2":0,"3":0},"b":{},"_coverageSchema":"1a1c01bbd47fc00a2c39e90264f33305004495a9","hash":"48a5688ab4ae522eb6b8ece708da6b9b048dfa11"}
,"D:\\sarina\\goldtag\\src\\redux\\actionTypes\\actionTypes.js": {"path":"D:\\sarina\\goldtag\\src\\redux\\actionTypes\\actionTypes.js","statementMap":{"0":{"start":{"line":1,"column":18},"end":{"line":6,"column":1}}},"fnMap":{},"branchMap":{},"s":{"0":9},"f":{},"b":{},"_coverageSchema":"1a1c01bbd47fc00a2c39e90264f33305004495a9","hash":"992f5964f1e13e7de4df9bac875c31eda5d49cc4"}
,"D:\\sarina\\goldtag\\src\\redux\\reducer\\combineReducer.js": {"path":"D:\\sarina\\goldtag\\src\\redux\\reducer\\combineReducer.js","statementMap":{"0":{"start":{"line":4,"column":20},"end":{"line":7,"column":2}}},"fnMap":{},"branchMap":{},"s":{"0":3},"f":{},"b":{},"_coverageSchema":"1a1c01bbd47fc00a2c39e90264f33305004495a9","hash":"d39439b7e20a1c4fee4fafa7ee7a6d7c66b33953"}
,"D:\\sarina\\goldtag\\src\\redux\\reducer\\comments.js": {"path":"D:\\sarina\\goldtag\\src\\redux\\reducer\\comments.js","statementMap":{"0":{"start":{"line":1,"column":21},"end":{"line":3,"column":1}},"1":{"start":{"line":5,"column":4},"end":{"line":16,"column":5}},"2":{"start":{"line":7,"column":12},"end":{"line":9,"column":14}},"3":{"start":{"line":11,"column":12},"end":{"line":13,"column":13}},"4":{"start":{"line":15,"column":12},"end":{"line":15,"column":25}}},"fnMap":{"0":{"name":"comments","decl":{"start":{"line":4,"column":24},"end":{"line":4,"column":32}},"loc":{"start":{"line":4,"column":61},"end":{"line":17,"column":1}},"line":4}},"branchMap":{"0":{"loc":{"start":{"line":4,"column":33},"end":{"line":4,"column":51}},"type":"default-arg","locations":[{"start":{"line":4,"column":39},"end":{"line":4,"column":51}}],"line":4},"1":{"loc":{"start":{"line":5,"column":4},"end":{"line":16,"column":5}},"type":"switch","locations":[{"start":{"line":6,"column":8},"end":{"line":9,"column":14}},{"start":{"line":10,"column":8},"end":{"line":13,"column":13}},{"start":{"line":14,"column":8},"end":{"line":15,"column":25}}],"line":5}},"s":{"0":4,"1":12,"2":0,"3":0,"4":12},"f":{"0":12},"b":{"0":[8],"1":[0,0,12]},"_coverageSchema":"1a1c01bbd47fc00a2c39e90264f33305004495a9","hash":"eee0e48260f2cdf5e40ef66370cbc1385a168c5a"}
,"D:\\sarina\\goldtag\\src\\redux\\reducer\\likes.js": {"path":"D:\\sarina\\goldtag\\src\\redux\\reducer\\likes.js","statementMap":{"0":{"start":{"line":1,"column":21},"end":{"line":3,"column":1}},"1":{"start":{"line":8,"column":4},"end":{"line":38,"column":5}},"2":{"start":{"line":10,"column":12},"end":{"line":10,"column":43}},"3":{"start":{"line":11,"column":12},"end":{"line":11,"column":31}},"4":{"start":{"line":12,"column":12},"end":{"line":12,"column":78}},"5":{"start":{"line":12,"column":49},"end":{"line":12,"column":76}},"6":{"start":{"line":13,"column":12},"end":{"line":15,"column":13}},"7":{"start":{"line":14,"column":16},"end":{"line":14,"column":33}},"8":{"start":{"line":16,"column":12},"end":{"line":16,"column":33}},"9":{"start":{"line":17,"column":12},"end":{"line":20,"column":13}},"10":{"start":{"line":23,"column":12},"end":{"line":23,"column":43}},"11":{"start":{"line":24,"column":12},"end":{"line":24,"column":31}},"12":{"start":{"line":25,"column":12},"end":{"line":25,"column":78}},"13":{"start":{"line":25,"column":49},"end":{"line":25,"column":76}},"14":{"start":{"line":26,"column":12},"end":{"line":28,"column":13}},"15":{"start":{"line":27,"column":16},"end":{"line":27,"column":36}},"16":{"start":{"line":29,"column":12},"end":{"line":29,"column":33}},"17":{"start":{"line":31,"column":12},"end":{"line":34,"column":13}},"18":{"start":{"line":37,"column":12},"end":{"line":37,"column":25}}},"fnMap":{"0":{"name":"likes","decl":{"start":{"line":7,"column":24},"end":{"line":7,"column":29}},"loc":{"start":{"line":7,"column":60},"end":{"line":39,"column":1}},"line":7},"1":{"name":"(anonymous_1)","decl":{"start":{"line":12,"column":37},"end":{"line":12,"column":38}},"loc":{"start":{"line":12,"column":49},"end":{"line":12,"column":76}},"line":12},"2":{"name":"(anonymous_2)","decl":{"start":{"line":25,"column":37},"end":{"line":25,"column":38}},"loc":{"start":{"line":25,"column":49},"end":{"line":25,"column":76}},"line":25}},"branchMap":{"0":{"loc":{"start":{"line":7,"column":30},"end":{"line":7,"column":50}},"type":"default-arg","locations":[{"start":{"line":7,"column":38},"end":{"line":7,"column":50}}],"line":7},"1":{"loc":{"start":{"line":8,"column":4},"end":{"line":38,"column":5}},"type":"switch","locations":[{"start":{"line":9,"column":8},"end":{"line":20,"column":13}},{"start":{"line":22,"column":8},"end":{"line":34,"column":13}},{"start":{"line":36,"column":8},"end":{"line":37,"column":25}}],"line":8},"2":{"loc":{"start":{"line":13,"column":12},"end":{"line":15,"column":13}},"type":"if","locations":[{"start":{"line":13,"column":12},"end":{"line":15,"column":13}},{"start":{"line":13,"column":12},"end":{"line":15,"column":13}}],"line":13},"3":{"loc":{"start":{"line":26,"column":12},"end":{"line":28,"column":13}},"type":"if","locations":[{"start":{"line":26,"column":12},"end":{"line":28,"column":13}},{"start":{"line":26,"column":12},"end":{"line":28,"column":13}}],"line":26}},"s":{"0":4,"1":12,"2":0,"3":0,"4":0,"5":0,"6":0,"7":0,"8":0,"9":0,"10":0,"11":0,"12":0,"13":0,"14":0,"15":0,"16":0,"17":0,"18":12},"f":{"0":12,"1":0,"2":0},"b":{"0":[8],"1":[0,0,12],"2":[0,0],"3":[0,0]},"_coverageSchema":"1a1c01bbd47fc00a2c39e90264f33305004495a9","hash":"19a29ee0cddafe58d56d9d87993be1d068916466"}
,"D:\\sarina\\goldtag\\src\\redux\\store\\store.js": {"path":"D:\\sarina\\goldtag\\src\\redux\\store\\store.js","statementMap":{"0":{"start":{"line":7,"column":13},"end":{"line":7,"column":15}},"1":{"start":{"line":9,"column":22},"end":{"line":13,"column":1}},"2":{"start":{"line":15,"column":25},"end":{"line":15,"column":67}},"3":{"start":{"line":17,"column":14},"end":{"line":20,"column":1}},"4":{"start":{"line":22,"column":25},"end":{"line":22,"column":44}}},"fnMap":{},"branchMap":{},"s":{"0":2,"1":2,"2":2,"3":2,"4":2},"f":{},"b":{},"_coverageSchema":"1a1c01bbd47fc00a2c39e90264f33305004495a9","hash":"68428f6257f97a003c8d75313621374a4f5f77db"}
}
