TN:
SF:src\components\assets\data\Data.jsx
FNF:0
FNH:0
DA:1,2
LF:1
LH:1
BRF:0
BRH:0
end_of_record
TN:
SF:src\components\card\card.jsx
FN:11,Card
FN:37,(anonymous_1)
FNF:2
FNH:1
FNDA:2,Card
FNDA:0,(anonymous_1)
DA:12,2
DA:38,0
LF:2
LH:1
BRDA:15,0,0,0
BRDA:15,0,1,2
BRF:2
BRH:1
end_of_record
TN:
SF:src\components\category\category.jsx
FN:9,Category
FN:16,(anonymous_1)
FN:28,(anonymous_2)
FNF:3
FNH:3
FNDA:1,Category
FNDA:5,(anonymous_1)
FNDA:5,(anonymous_2)
DA:10,1
DA:17,5
DA:29,5
LF:3
LH:3
BRF:0
BRH:0
end_of_record
TN:
SF:src\components\detailpage\mainSection.jsx
FN:12,MainSection
FN:28,(anonymous_1)
FNF:2
FNH:0
FNDA:0,MainSection
FNDA:0,(anonymous_1)
DA:13,0
DA:15,0
DA:16,0
DA:18,0
DA:20,0
DA:21,0
DA:29,0
LF:7
LH:0
BRDA:15,0,0,0
BRDA:15,0,1,0
BRF:2
BRH:0
end_of_record
TN:
SF:src\components\detailpage\titleSection.jsx
FN:8,TitleSection
FN:17,(anonymous_1)
FNF:2
FNH:0
FNDA:0,TitleSection
FNDA:0,(anonymous_1)
DA:9,0
DA:10,0
DA:12,0
DA:18,0
LF:4
LH:0
BRF:0
BRH:0
end_of_record
TN:
SF:src\components\detailpage\Attributes\Attributes.jsx
FN:7,Attributes
FN:17,(anonymous_1)
FNF:2
FNH:2
FNDA:1,Attributes
FNDA:12,(anonymous_1)
DA:8,1
DA:9,1
DA:18,12
LF:3
LH:3
BRF:0
BRH:0
end_of_record
TN:
SF:src\components\detailpage\comments\Comment.jsx
FN:6,Comment
FNF:1
FNH:1
FNDA:1,Comment
DA:7,1
LF:1
LH:1
BRF:0
BRH:0
end_of_record
TN:
SF:src\components\detailpage\comments\Comments.jsx
FN:7,Comments
FN:11,(anonymous_1)
FNF:2
FNH:2
FNDA:1,Comments
FNDA:2,(anonymous_1)
DA:8,1
DA:9,1
DA:12,2
LF:3
LH:3
BRF:0
BRH:0
end_of_record
TN:
SF:src\components\detailpage\comments\CommentsContainer.jsx
FN:9,CommentsContainer
FN:11,Dispatch
FN:17,style
FN:21,showComments
FN:25,showRating
FN:29,(anonymous_5)
FNF:6
FNH:0
FNDA:0,CommentsContainer
FNDA:0,Dispatch
FNDA:0,style
FNDA:0,showComments
FNDA:0,showRating
FNDA:0,(anonymous_5)
DA:10,0
DA:12,0
DA:18,0
DA:19,0
DA:22,0
DA:23,0
DA:26,0
DA:27,0
DA:29,0
DA:30,0
DA:31,0
LF:11
LH:0
BRDA:33,0,0,0
BRDA:33,0,1,0
BRDA:36,1,0,0
BRDA:36,1,1,0
BRDA:40,2,0,0
BRDA:40,2,1,0
BRF:6
BRH:0
end_of_record
TN:
SF:src\components\detailpage\comments\Rating.jsx
FN:3,Rating
FNF:1
FNH:1
FNDA:1,Rating
DA:4,1
LF:1
LH:1
BRF:0
BRH:0
end_of_record
TN:
SF:src\components\detailpage\comments\likes\LikeAndDislike.jsx
FN:7,LikeAndDislike
FN:11,(anonymous_1)
FN:12,(anonymous_2)
FN:13,Dispatch
FN:18,addDislike
FN:21,addLike
FNF:6
FNH:0
FNDA:0,LikeAndDislike
FNDA:0,(anonymous_1)
FNDA:0,(anonymous_2)
FNDA:0,Dispatch
FNDA:0,addDislike
FNDA:0,addLike
DA:8,0
DA:9,0
DA:10,0
DA:11,0
DA:12,0
DA:14,0
DA:19,0
DA:22,0
DA:24,0
LF:9
LH:0
BRF:0
BRH:0
end_of_record
TN:
SF:src\components\detailpage\mainSection\swiper\Swiper.jsx
FN:6,MainSwiper
FN:13,(anonymous_1)
FNF:2
FNH:0
FNDA:0,MainSwiper
FNDA:0,(anonymous_1)
DA:7,0
DA:8,0
DA:14,0
LF:3
LH:0
BRF:0
BRH:0
end_of_record
TN:
SF:src\components\detailpage\sideSection\conditions\Conditions.js
FN:8,Conditions
FN:17,(anonymous_1)
FNF:2
FNH:0
FNDA:0,Conditions
FNDA:0,(anonymous_1)
DA:9,0
DA:18,0
LF:2
LH:0
BRF:0
BRH:0
end_of_record
TN:
SF:src\components\detailpage\sideSection\tags\tags.jsx
FN:4,Tags
FN:7,(anonymous_1)
FNF:2
FNH:0
FNDA:0,Tags
FNDA:0,(anonymous_1)
DA:5,0
DA:8,0
LF:2
LH:0
BRF:0
BRH:0
end_of_record
TN:
SF:src\components\detailpage\titleSection\buttons\Buttons.jsx
FN:4,Buttons
FNF:1
FNH:0
FNDA:0,Buttons
DA:5,0
LF:1
LH:0
BRF:0
BRH:0
end_of_record
TN:
SF:src\components\detailpage\titleSection\sharingContainer\sharing.jsx
FN:6,SharingContainer
FNF:1
FNH:0
FNDA:0,SharingContainer
DA:7,0
LF:1
LH:0
BRF:0
BRH:0
end_of_record
TN:
SF:src\components\detailpage\titleSection\titleSectionFeatures\titleSectionFeatures.jsx
FN:4,TitleSectionFeatures
FN:7,(anonymous_1)
FNF:2
FNH:0
FNDA:0,TitleSectionFeatures
FNDA:0,(anonymous_1)
DA:5,0
DA:8,0
LF:2
LH:0
BRF:0
BRH:0
end_of_record
TN:
SF:src\components\detailpage\titleSection\titleSharing\TitleSharing.jsx
FN:6,TitleSharing
FN:15,(anonymous_1)
FNF:2
FNH:0
FNDA:0,TitleSharing
FNDA:0,(anonymous_1)
DA:7,0
DA:9,0
DA:16,0
LF:3
LH:0
BRF:0
BRH:0
end_of_record
TN:
SF:src\components\features\features.jsx
FN:4,Features
FN:7,(anonymous_1)
FNF:2
FNH:2
FNDA:1,Features
FNDA:5,(anonymous_1)
DA:5,1
DA:8,5
LF:2
LH:2
BRF:0
BRH:0
end_of_record
TN:
SF:src\components\footer\footer.jsx
FN:12,Footer
FN:19,(anonymous_1)
FN:32,(anonymous_2)
FN:42,(anonymous_3)
FN:64,(anonymous_4)
FNF:5
FNH:5
FNDA:1,Footer
FNDA:6,(anonymous_1)
FNDA:7,(anonymous_2)
FNDA:3,(anonymous_3)
FNDA:3,(anonymous_4)
DA:13,1
DA:20,6
DA:33,7
DA:43,3
DA:65,3
LF:5
LH:5
BRF:0
BRH:0
end_of_record
TN:
SF:src\components\goldtags\goldtags.jsx
FN:11,Goldtags
FN:20,(anonymous_1)
FNF:2
FNH:2
FNDA:1,Goldtags
FNDA:11,(anonymous_1)
DA:12,1
DA:21,11
LF:2
LH:2
BRF:0
BRH:0
end_of_record
TN:
SF:src\components\header\navbar\Navbar.jsx
FN:8,Navbar
FN:14,(anonymous_1)
FNF:2
FNH:0
FNDA:0,Navbar
FNDA:0,(anonymous_1)
DA:9,0
DA:15,0
LF:2
LH:0
BRF:0
BRH:0
end_of_record
TN:
SF:src\components\header\navbar\dropdown\Dropdown.jsx
FN:3,DropDown
FN:8,(anonymous_1)
FN:15,(anonymous_2)
FNF:3
FNH:0
FNDA:0,DropDown
FNDA:0,(anonymous_1)
FNDA:0,(anonymous_2)
DA:4,0
DA:9,0
DA:16,0
LF:3
LH:0
BRF:0
BRH:0
end_of_record
TN:
SF:src\components\social\social.jsx
FN:5,Social
FN:9,(anonymous_1)
FNF:2
FNH:2
FNDA:1,Social
FNDA:4,(anonymous_1)
DA:6,1
DA:10,4
LF:2
LH:2
BRF:0
BRH:0
end_of_record
TN:
SF:src\components\swiper\mainswipper.jsx
FN:8,MainSwipper
FN:18,(anonymous_1)
FN:23,(anonymous_2)
FNF:3
FNH:2
FNDA:2,MainSwipper
FNDA:0,(anonymous_1)
FNDA:12,(anonymous_2)
DA:9,2
DA:12,2
DA:19,0
DA:24,12
LF:4
LH:3
BRF:0
BRH:0
end_of_record
TN:
SF:src\redux\reducer\likes.js
FN:5,likes
FNF:1
FNH:0
FNDA:0,likes
DA:1,0
DA:6,0
DA:8,0
DA:13,0
DA:18,0
LF:5
LH:0
BRDA:5,0,0,0
BRDA:6,1,0,0
BRDA:6,1,1,0
BRDA:6,1,2,0
BRF:4
BRH:0
end_of_record
