TN:
SF:src\components\advices\advices.jsx
FN:7,Advices
FNF:1
FNH:1
FNDA:1,Advices
DA:8,1
LF:1
LH:1
BRF:0
BRH:0
end_of_record
TN:
SF:src\components\card\card.jsx
FN:11,Card
FN:37,(anonymous_1)
FNF:2
FNH:1
FNDA:2,Card
FNDA:0,(anonymous_1)
DA:12,2
DA:38,0
LF:2
LH:1
BRDA:15,0,0,0
BRDA:15,0,1,2
BRF:2
BRH:1
end_of_record
TN:
SF:src\components\category\category.jsx
FN:8,Category
FN:15,(anonymous_1)
FN:27,(anonymous_2)
FNF:3
FNH:3
FNDA:1,Category
FNDA:5,(anonymous_1)
FNDA:5,(anonymous_2)
DA:9,1
DA:16,5
DA:28,5
LF:3
LH:3
BRF:0
BRH:0
end_of_record
TN:
SF:src\components\divider\Divider.jsx
FN:3,Divider
FNF:1
FNH:1
FNDA:1,Divider
DA:4,1
LF:1
LH:1
BRF:0
BRH:0
end_of_record
TN:
SF:src\components\features\features.jsx
FN:4,Features
FN:7,(anonymous_1)
FNF:2
FNH:2
FNDA:1,Features
FNDA:5,(anonymous_1)
DA:5,1
DA:8,5
LF:2
LH:2
BRF:0
BRH:0
end_of_record
TN:
SF:src\components\footer\FooterBottom.jsx
FN:5,FooterBottom
FN:17,(anonymous_1)
FNF:2
FNH:2
FNDA:1,FooterBottom
FNDA:3,(anonymous_1)
DA:6,1
DA:18,3
LF:2
LH:2
BRF:0
BRH:0
end_of_record
TN:
SF:src\components\footer\footer.jsx
FN:10,Footer
FN:17,(anonymous_1)
FN:30,(anonymous_2)
FN:39,(anonymous_3)
FN:59,(anonymous_4)
FNF:5
FNH:5
FNDA:1,Footer
FNDA:6,(anonymous_1)
FNDA:7,(anonymous_2)
FNDA:3,(anonymous_3)
FNDA:3,(anonymous_4)
DA:11,1
DA:18,6
DA:31,7
DA:40,3
DA:60,3
LF:5
LH:5
BRF:0
BRH:0
end_of_record
TN:
SF:src\components\goldtags\goldtags.jsx
FN:10,Goldtags
FN:20,(anonymous_1)
FNF:2
FNH:2
FNDA:1,Goldtags
FNDA:11,(anonymous_1)
DA:11,1
DA:21,11
LF:2
LH:2
BRF:0
BRH:0
end_of_record
TN:
SF:src\components\header\Header.jsx
FN:12,Header
FNF:1
FNH:1
FNDA:1,Header
DA:13,1
LF:1
LH:1
BRF:0
BRH:0
end_of_record
TN:
SF:src\components\header\ResponsiveHeader.jsx
FN:6,ReponsiveHeader
FNF:1
FNH:1
FNDA:2,ReponsiveHeader
DA:7,2
LF:1
LH:1
BRF:0
BRH:0
end_of_record
TN:
SF:src\components\social\social.jsx
FN:4,Social
FN:8,(anonymous_1)
FNF:2
FNH:2
FNDA:1,Social
FNDA:4,(anonymous_1)
DA:5,1
DA:9,4
LF:2
LH:2
BRF:0
BRH:0
end_of_record
TN:
SF:src\components\swiper\mainswipper.jsx
FN:7,MainSwipper
FN:17,(anonymous_1)
FN:22,(anonymous_2)
FNF:3
FNH:2
FNDA:1,MainSwipper
FNDA:0,(anonymous_1)
FNDA:6,(anonymous_2)
DA:8,1
DA:11,1
DA:18,0
DA:23,6
LF:4
LH:3
BRF:0
BRH:0
end_of_record
